  [1m[35m (0.1ms)[0m  [1m[34mSELECT sqlite_version(*)[0m
  ↳ bin/rails:9
  [1m[35m (2.4ms)[0m  [1m[35mCREATE TABLE "schema_migrations" ("version" varchar NOT NULL PRIMARY KEY)[0m
  ↳ bin/rails:9
  [1m[35m (2.6ms)[0m  [1m[35mCREATE TABLE "ar_internal_metadata" ("key" varchar NOT NULL PRIMARY KEY, "value" varchar, "created_at" datetime NOT NULL, "updated_at" datetime NOT NULL)[0m
  ↳ bin/rails:9
  [1m[35m (0.2ms)[0m  [1m[34mSELECT "schema_migrations"."version" FROM "schema_migrations" ORDER BY "schema_migrations"."version" ASC[0m
  ↳ bin/rails:9
Migrating to CreateUsers (20181024161912)
  [1m[35m (0.1ms)[0m  [1m[36mbegin transaction[0m
  ↳ bin/rails:9
  [1m[35m (0.6ms)[0m  [1m[35mCREATE TABLE "users" ("id" integer PRIMARY KEY AUTOINCREMENT NOT NULL, "first_name" varchar, "last_name" varchar, "email" varchar, "created_at" datetime NOT NULL, "updated_at" datetime NOT NULL)[0m
  ↳ db/migrate/20181024161912_create_users.rb:3
  [1m[36mActiveRecord::SchemaMigration Create (0.2ms)[0m  [1m[32mINSERT INTO "schema_migrations" ("version") VALUES (?)[0m  [["version", "20181024161912"]]
  ↳ bin/rails:9
  [1m[35m (2.1ms)[0m  [1m[36mcommit transaction[0m
  ↳ bin/rails:9
  [1m[36mActiveRecord::InternalMetadata Load (0.2ms)[0m  [1m[34mSELECT  "ar_internal_metadata".* FROM "ar_internal_metadata" WHERE "ar_internal_metadata"."key" = ? LIMIT ?[0m  [["key", "environment"], ["LIMIT", 1]]
  ↳ bin/rails:9
  [1m[35m (0.1ms)[0m  [1m[36mbegin transaction[0m
  ↳ bin/rails:9
  [1m[36mActiveRecord::InternalMetadata Create (0.7ms)[0m  [1m[32mINSERT INTO "ar_internal_metadata" ("key", "value", "created_at", "updated_at") VALUES (?, ?, ?, ?)[0m  [["key", "environment"], ["value", "development"], ["created_at", "2018-10-24 16:23:01.267863"], ["updated_at", "2018-10-24 16:23:01.267863"]]
  ↳ bin/rails:9
  [1m[35m (2.1ms)[0m  [1m[36mcommit transaction[0m
  ↳ bin/rails:9
  [1m[35m (0.3ms)[0m  [1m[34mSELECT "schema_migrations"."version" FROM "schema_migrations" ORDER BY "schema_migrations"."version" ASC[0m
  ↳ bin/rails:9
  [1m[35m (0.1ms)[0m  [1m[34mSELECT "schema_migrations"."version" FROM "schema_migrations" ORDER BY "schema_migrations"."version" ASC[0m
  ↳ bin/rails:9
  [1m[35m (0.2ms)[0m  [1m[36mbegin transaction[0m
  ↳ db/seeds.rb:11
  [1m[36mUser Create (0.6ms)[0m  [1m[32mINSERT INTO "users" ("first_name", "last_name", "email", "created_at", "updated_at") VALUES (?, ?, ?, ?, ?)[0m  [["first_name", "Cythia"], ["last_name", "Johnson"], ["email", "michaela@schultz.org"], ["created_at", "2018-10-24 16:29:17.338020"], ["updated_at", "2018-10-24 16:29:17.338020"]]
  ↳ db/seeds.rb:11
  [1m[35m (1.9ms)[0m  [1m[36mcommit transaction[0m
  ↳ db/seeds.rb:11
  [1m[35m (0.1ms)[0m  [1m[36mbegin transaction[0m
  ↳ db/seeds.rb:11
  [1m[36mUser Create (0.4ms)[0m  [1m[32mINSERT INTO "users" ("first_name", "last_name", "email", "created_at", "updated_at") VALUES (?, ?, ?, ?, ?)[0m  [["first_name", "Leigh"], ["last_name", "Kessler"], ["email", "cyrusbeer@von.name"], ["created_at", "2018-10-24 16:29:17.345029"], ["updated_at", "2018-10-24 16:29:17.345029"]]
  ↳ db/seeds.rb:11
  [1m[35m (1.9ms)[0m  [1m[36mcommit transaction[0m
  ↳ db/seeds.rb:11
  [1m[35m (0.1ms)[0m  [1m[36mbegin transaction[0m
  ↳ db/seeds.rb:11
  [1m[36mUser Create (0.4ms)[0m  [1m[32mINSERT INTO "users" ("first_name", "last_name", "email", "created_at", "updated_at") VALUES (?, ?, ?, ?, ?)[0m  [["first_name", "Margorie"], ["last_name", "Farrell"], ["email", "juliadicki@mckenziebarrows.biz"], ["created_at", "2018-10-24 16:29:17.359373"], ["updated_at", "2018-10-24 16:29:17.359373"]]
  ↳ db/seeds.rb:11
  [1m[35m (1.6ms)[0m  [1m[36mcommit transaction[0m
  ↳ db/seeds.rb:11
  [1m[35m (0.0ms)[0m  [1m[36mbegin transaction[0m
  ↳ db/seeds.rb:11
  [1m[36mUser Create (0.4ms)[0m  [1m[32mINSERT INTO "users" ("first_name", "last_name", "email", "created_at", "updated_at") VALUES (?, ?, ?, ?, ?)[0m  [["first_name", "John"], ["last_name", "Beer"], ["email", "allan@stiedemann.io"], ["created_at", "2018-10-24 16:29:17.363793"], ["updated_at", "2018-10-24 16:29:17.363793"]]
  ↳ db/seeds.rb:11
  [1m[35m (1.9ms)[0m  [1m[36mcommit transaction[0m
  ↳ db/seeds.rb:11
  [1m[35m (0.0ms)[0m  [1m[36mbegin transaction[0m
  ↳ db/seeds.rb:11
  [1m[36mUser Create (0.4ms)[0m  [1m[32mINSERT INTO "users" ("first_name", "last_name", "email", "created_at", "updated_at") VALUES (?, ?, ?, ?, ?)[0m  [["first_name", "Al"], ["last_name", "Schuster"], ["email", "chia@howe.info"], ["created_at", "2018-10-24 16:29:17.368905"], ["updated_at", "2018-10-24 16:29:17.368905"]]
  ↳ db/seeds.rb:11
  [1m[35m (1.8ms)[0m  [1m[36mcommit transaction[0m
  ↳ db/seeds.rb:11
  [1m[35m (0.1ms)[0m  [1m[36mbegin transaction[0m
  ↳ db/seeds.rb:11
  [1m[36mUser Create (0.4ms)[0m  [1m[32mINSERT INTO "users" ("first_name", "last_name", "email", "created_at", "updated_at") VALUES (?, ?, ?, ?, ?)[0m  [["first_name", "Kellye"], ["last_name", "Bashirian"], ["email", "vernie@daniel.name"], ["created_at", "2018-10-24 16:29:17.374298"], ["updated_at", "2018-10-24 16:29:17.374298"]]
  ↳ db/seeds.rb:11
  [1m[35m (1.5ms)[0m  [1m[36mcommit transaction[0m
  ↳ db/seeds.rb:11
  [1m[35m (0.1ms)[0m  [1m[36mbegin transaction[0m
  ↳ db/seeds.rb:11
  [1m[36mUser Create (0.4ms)[0m  [1m[32mINSERT INTO "users" ("first_name", "last_name", "email", "created_at", "updated_at") VALUES (?, ?, ?, ?, ?)[0m  [["first_name", "Verda"], ["last_name", "Shields"], ["email", "lonmonahan@bartoletti.info"], ["created_at", "2018-10-24 16:29:17.378888"], ["updated_at", "2018-10-24 16:29:17.378888"]]
  ↳ db/seeds.rb:11
  [1m[35m (1.9ms)[0m  [1m[36mcommit transaction[0m
  ↳ db/seeds.rb:11
  [1m[35m (0.1ms)[0m  [1m[36mbegin transaction[0m
  ↳ db/seeds.rb:11
  [1m[36mUser Create (0.4ms)[0m  [1m[32mINSERT INTO "users" ("first_name", "last_name", "email", "created_at", "updated_at") VALUES (?, ?, ?, ?, ?)[0m  [["first_name", "Eddy"], ["last_name", "Tillman"], ["email", "auntacummerata@medhurst.io"], ["created_at", "2018-10-24 16:29:17.384152"], ["updated_at", "2018-10-24 16:29:17.384152"]]
  ↳ db/seeds.rb:11
  [1m[35m (1.7ms)[0m  [1m[36mcommit transaction[0m
  ↳ db/seeds.rb:11
  [1m[35m (0.1ms)[0m  [1m[36mbegin transaction[0m
  ↳ db/seeds.rb:11
  [1m[36mUser Create (0.4ms)[0m  [1m[32mINSERT INTO "users" ("first_name", "last_name", "email", "created_at", "updated_at") VALUES (?, ?, ?, ?, ?)[0m  [["first_name", "Terrell"], ["last_name", "Jones"], ["email", "harveyheathcote@hauck.info"], ["created_at", "2018-10-24 16:29:17.388999"], ["updated_at", "2018-10-24 16:29:17.388999"]]
  ↳ db/seeds.rb:11
  [1m[35m (2.0ms)[0m  [1m[36mcommit transaction[0m
  ↳ db/seeds.rb:11
  [1m[35m (0.1ms)[0m  [1m[36mbegin transaction[0m
  ↳ db/seeds.rb:11
  [1m[36mUser Create (0.4ms)[0m  [1m[32mINSERT INTO "users" ("first_name", "last_name", "email", "created_at", "updated_at") VALUES (?, ?, ?, ?, ?)[0m  [["first_name", "Kenneth"], ["last_name", "Stanton"], ["email", "tammara@stroman.org"], ["created_at", "2018-10-24 16:29:17.394193"], ["updated_at", "2018-10-24 16:29:17.394193"]]
  ↳ db/seeds.rb:11
  [1m[35m (1.5ms)[0m  [1m[36mcommit transaction[0m
  ↳ db/seeds.rb:11
  [1m[36mUser Load (0.5ms)[0m  [1m[34mSELECT  "users".* FROM "users" LIMIT ?[0m  [["LIMIT", 11]]
  [1m[35m (0.2ms)[0m  [1m[34mSELECT "schema_migrations"."version" FROM "schema_migrations" ORDER BY "schema_migrations"."version" ASC[0m
  ↳ bin/rails:9
Migrating to CreateArticles (20181024163332)
  [1m[35m (0.1ms)[0m  [1m[36mbegin transaction[0m
  ↳ bin/rails:9
  [1m[35m (0.1ms)[0m  [1m[34mSELECT sqlite_version(*)[0m
  ↳ db/migrate/20181024163332_create_articles.rb:3
  [1m[35m (0.5ms)[0m  [1m[35mCREATE TABLE "articles" ("id" integer PRIMARY KEY AUTOINCREMENT NOT NULL, "title" varchar, "content" text, "user_id" integer, "created_at" datetime NOT NULL, "updated_at" datetime NOT NULL)[0m
  ↳ db/migrate/20181024163332_create_articles.rb:3
  [1m[35m (0.2ms)[0m  [1m[35mCREATE  INDEX "index_articles_on_user_id" ON "articles" ("user_id")[0m
  ↳ db/migrate/20181024163332_create_articles.rb:3
  [1m[36mActiveRecord::SchemaMigration Create (0.2ms)[0m  [1m[32mINSERT INTO "schema_migrations" ("version") VALUES (?)[0m  [["version", "20181024163332"]]
  ↳ bin/rails:9
  [1m[35m (2.1ms)[0m  [1m[36mcommit transaction[0m
  ↳ bin/rails:9
  [1m[36mActiveRecord::InternalMetadata Load (0.2ms)[0m  [1m[34mSELECT  "ar_internal_metadata".* FROM "ar_internal_metadata" WHERE "ar_internal_metadata"."key" = ? LIMIT ?[0m  [["key", "environment"], ["LIMIT", 1]]
  ↳ bin/rails:9
  [1m[35m (0.1ms)[0m  [1m[36mbegin transaction[0m
  ↳ bin/rails:9
  [1m[35m (0.0ms)[0m  [1m[36mcommit transaction[0m
  ↳ bin/rails:9
  [1m[35m (0.1ms)[0m  [1m[34mSELECT "schema_migrations"."version" FROM "schema_migrations" ORDER BY "schema_migrations"."version" ASC[0m
  ↳ bin/rails:9
  [1m[35m (0.2ms)[0m  [1m[34mSELECT "schema_migrations"."version" FROM "schema_migrations" ORDER BY "schema_migrations"."version" ASC[0m
  ↳ bin/rails:9
  [1m[36mUser Load (0.2ms)[0m  [1m[34mSELECT  "users".* FROM "users" ORDER BY "users"."id" ASC LIMIT ?[0m  [["LIMIT", 1]]
  [1m[35m (0.1ms)[0m  [1m[36mbegin transaction[0m
  [1m[35m (0.1ms)[0m  [1m[36mcommit transaction[0m
  [1m[36mUser Load (0.4ms)[0m  [1m[34mSELECT  "users".* FROM "users" LIMIT ?[0m  [["LIMIT", 11]]
  [1m[36mArticle Load (0.3ms)[0m  [1m[34mSELECT  "articles".* FROM "articles" LIMIT ?[0m  [["LIMIT", 11]]
  [1m[35m (0.2ms)[0m  [1m[34mSELECT "schema_migrations"."version" FROM "schema_migrations" ORDER BY "schema_migrations"."version" ASC[0m
  ↳ bin/rails:9
  [1m[35m (0.2ms)[0m  [1m[34mSELECT "schema_migrations"."version" FROM "schema_migrations" ORDER BY "schema_migrations"."version" ASC[0m
  ↳ bin/rails:9
  [1m[35m (0.1ms)[0m  [1m[36mbegin transaction[0m
  ↳ db/seeds.rb:18
  [1m[35m (0.1ms)[0m  [1m[31mrollback transaction[0m
  ↳ db/seeds.rb:18
  [1m[35m (0.2ms)[0m  [1m[34mSELECT "schema_migrations"."version" FROM "schema_migrations" ORDER BY "schema_migrations"."version" ASC[0m
  ↳ bin/rails:9
  [1m[35m (0.1ms)[0m  [1m[36mbegin transaction[0m
  ↳ db/seeds.rb:12
  [1m[36mUser Create (0.5ms)[0m  [1m[32mINSERT INTO "users" ("first_name", "last_name", "email", "created_at", "updated_at") VALUES (?, ?, ?, ?, ?)[0m  [["first_name", "Gayle"], ["last_name", "O'Conner"], ["email", "nathaniel@champlinprohaska.net"], ["created_at", "2018-10-24 17:35:28.217014"], ["updated_at", "2018-10-24 17:35:28.217014"]]
  ↳ db/seeds.rb:12
  [1m[35m (1.7ms)[0m  [1m[36mcommit transaction[0m
  ↳ db/seeds.rb:12
  [1m[35m (0.1ms)[0m  [1m[36mbegin transaction[0m
  ↳ db/seeds.rb:12
  [1m[36mUser Create (0.4ms)[0m  [1m[32mINSERT INTO "users" ("first_name", "last_name", "email", "created_at", "updated_at") VALUES (?, ?, ?, ?, ?)[0m  [["first_name", "Thanh"], ["last_name", "O'Keefe"], ["email", "juliarunolfon@hickle.info"], ["created_at", "2018-10-24 17:35:28.222315"], ["updated_at", "2018-10-24 17:35:28.222315"]]
  ↳ db/seeds.rb:12
  [1m[35m (1.7ms)[0m  [1m[36mcommit transaction[0m
  ↳ db/seeds.rb:12
  [1m[35m (0.0ms)[0m  [1m[36mbegin transaction[0m
  ↳ db/seeds.rb:12
  [1m[36mUser Create (0.7ms)[0m  [1m[32mINSERT INTO "users" ("first_name", "last_name", "email", "created_at", "updated_at") VALUES (?, ?, ?, ?, ?)[0m  [["first_name", "Rex"], ["last_name", "Strosin"], ["email", "samuelmoen@wiegand.io"], ["created_at", "2018-10-24 17:35:28.227399"], ["updated_at", "2018-10-24 17:35:28.227399"]]
  ↳ db/seeds.rb:12
  [1m[35m (1.8ms)[0m  [1m[36mcommit transaction[0m
  ↳ db/seeds.rb:12
  [1m[35m (0.1ms)[0m  [1m[36mbegin transaction[0m
  ↳ db/seeds.rb:12
  [1m[36mUser Create (0.5ms)[0m  [1m[32mINSERT INTO "users" ("first_name", "last_name", "email", "created_at", "updated_at") VALUES (?, ?, ?, ?, ?)[0m  [["first_name", "Tiffanie"], ["last_name", "Windler"], ["email", "yoshiebeatty@quitzonrutherford.net"], ["created_at", "2018-10-24 17:35:28.233294"], ["updated_at", "2018-10-24 17:35:28.233294"]]
  ↳ db/seeds.rb:12
  [1m[35m (2.0ms)[0m  [1m[36mcommit transaction[0m
  ↳ db/seeds.rb:12
  [1m[35m (0.0ms)[0m  [1m[36mbegin transaction[0m
  ↳ db/seeds.rb:12
  [1m[36mUser Create (0.4ms)[0m  [1m[32mINSERT INTO "users" ("first_name", "last_name", "email", "created_at", "updated_at") VALUES (?, ?, ?, ?, ?)[0m  [["first_name", "Yu"], ["last_name", "Bernier"], ["email", "lorilee@bernier.name"], ["created_at", "2018-10-24 17:35:28.238792"], ["updated_at", "2018-10-24 17:35:28.238792"]]
  ↳ db/seeds.rb:12
  [1m[35m (1.9ms)[0m  [1m[36mcommit transaction[0m
  ↳ db/seeds.rb:12
  [1m[35m (0.1ms)[0m  [1m[36mbegin transaction[0m
  ↳ db/seeds.rb:12
  [1m[36mUser Create (0.4ms)[0m  [1m[32mINSERT INTO "users" ("first_name", "last_name", "email", "created_at", "updated_at") VALUES (?, ?, ?, ?, ?)[0m  [["first_name", "Shantay"], ["last_name", "Kozey"], ["email", "abbystrosin@mills.name"], ["created_at", "2018-10-24 17:35:28.244003"], ["updated_at", "2018-10-24 17:35:28.244003"]]
  ↳ db/seeds.rb:12
  [1m[35m (1.6ms)[0m  [1m[36mcommit transaction[0m
  ↳ db/seeds.rb:12
  [1m[35m (0.1ms)[0m  [1m[36mbegin transaction[0m
  ↳ db/seeds.rb:12
  [1m[36mUser Create (0.4ms)[0m  [1m[32mINSERT INTO "users" ("first_name", "last_name", "email", "created_at", "updated_at") VALUES (?, ?, ?, ?, ?)[0m  [["first_name", "Lawana"], ["last_name", "Pagac"], ["email", "laurettewatsica@muller.info"], ["created_at", "2018-10-24 17:35:28.248844"], ["updated_at", "2018-10-24 17:35:28.248844"]]
  ↳ db/seeds.rb:12
  [1m[35m (1.7ms)[0m  [1m[36mcommit transaction[0m
  ↳ db/seeds.rb:12
  [1m[35m (0.1ms)[0m  [1m[36mbegin transaction[0m
  ↳ db/seeds.rb:12
  [1m[36mUser Create (0.6ms)[0m  [1m[32mINSERT INTO "users" ("first_name", "last_name", "email", "created_at", "updated_at") VALUES (?, ?, ?, ?, ?)[0m  [["first_name", "Russel"], ["last_name", "Kling"], ["email", "reinaldo@murphy.co"], ["created_at", "2018-10-24 17:35:28.254293"], ["updated_at", "2018-10-24 17:35:28.254293"]]
  ↳ db/seeds.rb:12
  [1m[35m (2.0ms)[0m  [1m[36mcommit transaction[0m
  ↳ db/seeds.rb:12
  [1m[35m (0.1ms)[0m  [1m[36mbegin transaction[0m
  ↳ db/seeds.rb:12
  [1m[36mUser Create (0.4ms)[0m  [1m[32mINSERT INTO "users" ("first_name", "last_name", "email", "created_at", "updated_at") VALUES (?, ?, ?, ?, ?)[0m  [["first_name", "Son"], ["last_name", "Osinski"], ["email", "marcelina@quitzon.info"], ["created_at", "2018-10-24 17:35:28.260118"], ["updated_at", "2018-10-24 17:35:28.260118"]]
  ↳ db/seeds.rb:12
  [1m[35m (1.7ms)[0m  [1m[36mcommit transaction[0m
  ↳ db/seeds.rb:12
  [1m[35m (0.1ms)[0m  [1m[36mbegin transaction[0m
  ↳ db/seeds.rb:12
  [1m[36mUser Create (0.4ms)[0m  [1m[32mINSERT INTO "users" ("first_name", "last_name", "email", "created_at", "updated_at") VALUES (?, ?, ?, ?, ?)[0m  [["first_name", "Thomasina"], ["last_name", "Daugherty"], ["email", "grayce@sipes.name"], ["created_at", "2018-10-24 17:35:28.265466"], ["updated_at", "2018-10-24 17:35:28.265466"]]
  ↳ db/seeds.rb:12
  [1m[35m (1.8ms)[0m  [1m[36mcommit transaction[0m
  ↳ db/seeds.rb:12
  [1m[35m (0.1ms)[0m  [1m[36mbegin transaction[0m
  ↳ db/seeds.rb:16
  [1m[35m (0.1ms)[0m  [1m[31mrollback transaction[0m
  ↳ db/seeds.rb:16
  [1m[36mArticle Load (0.3ms)[0m  [1m[34mSELECT  "articles".* FROM "articles" LIMIT ?[0m  [["LIMIT", 11]]
  [1m[35m (0.2ms)[0m  [1m[34mSELECT "schema_migrations"."version" FROM "schema_migrations" ORDER BY "schema_migrations"."version" ASC[0m
  ↳ bin/rails:9
  [1m[35m (0.0ms)[0m  [1m[36mbegin transaction[0m
  ↳ db/seeds.rb:16
  [1m[36mUser Load (0.1ms)[0m  [1m[34mSELECT  "users".* FROM "users" WHERE "users"."id" = ? LIMIT ?[0m  [["id", 2], ["LIMIT", 1]]
  ↳ db/seeds.rb:16
  [1m[36mArticle Create (0.6ms)[0m  [1m[32mINSERT INTO "articles" ("title", "content", "user_id", "created_at", "updated_at") VALUES (?, ?, ?, ?, ?)[0m  [["title", "George McFly"], ["content", "He's an idiot. Comes from upbringing. His parents are probably idiots, too. Lorraine, you ever have a kid who acts that way, I'll disown you."], ["user_id", 2], ["created_at", "2018-10-24 17:38:58.708027"], ["updated_at", "2018-10-24 17:38:58.708027"]]
  ↳ db/seeds.rb:16
  [1m[35m (1.9ms)[0m  [1m[36mcommit transaction[0m
  ↳ db/seeds.rb:16
  [1m[35m (0.1ms)[0m  [1m[36mbegin transaction[0m
  ↳ db/seeds.rb:16
  [1m[36mUser Load (0.1ms)[0m  [1m[34mSELECT  "users".* FROM "users" WHERE "users"."id" = ? LIMIT ?[0m  [["id", 2], ["LIMIT", 1]]
  ↳ db/seeds.rb:16
  [1m[36mArticle Create (0.4ms)[0m  [1m[32mINSERT INTO "articles" ("title", "content", "user_id", "created_at", "updated_at") VALUES (?, ?, ?, ?, ?)[0m  [["title", "Dave McFly"], ["content", "Hey, Biff, get a load of this guy's life preserver. Dork thinks he's gonna drown."], ["user_id", 2], ["created_at", "2018-10-24 17:38:58.714188"], ["updated_at", "2018-10-24 17:38:58.714188"]]
  ↳ db/seeds.rb:16
  [1m[35m (1.7ms)[0m  [1m[36mcommit transaction[0m
  ↳ db/seeds.rb:16
  [1m[35m (0.1ms)[0m  [1m[36mbegin transaction[0m
  ↳ db/seeds.rb:16
  [1m[36mUser Load (0.1ms)[0m  [1m[34mSELECT  "users".* FROM "users" WHERE "users"."id" = ? LIMIT ?[0m  [["id", 2], ["LIMIT", 1]]
  ↳ db/seeds.rb:16
  [1m[36mArticle Create (0.6ms)[0m  [1m[32mINSERT INTO "articles" ("title", "content", "user_id", "created_at", "updated_at") VALUES (?, ?, ?, ?, ?)[0m  [["title", "Sam Baines"], ["content", "See you in about 30 years."], ["user_id", 2], ["created_at", "2018-10-24 17:38:58.719436"], ["updated_at", "2018-10-24 17:38:58.719436"]]
  ↳ db/seeds.rb:16
  [1m[35m (1.9ms)[0m  [1m[36mcommit transaction[0m
  ↳ db/seeds.rb:16
  [1m[35m (0.1ms)[0m  [1m[36mbegin transaction[0m
  ↳ db/seeds.rb:16
  [1m[36mUser Load (0.1ms)[0m  [1m[34mSELECT  "users".* FROM "users" WHERE "users"."id" = ? LIMIT ?[0m  [["id", 2], ["LIMIT", 1]]
  ↳ db/seeds.rb:16
  [1m[36mArticle Create (0.5ms)[0m  [1m[32mINSERT INTO "articles" ("title", "content", "user_id", "created_at", "updated_at") VALUES (?, ?, ?, ?, ?)[0m  [["title", "Joey Baines"], ["content", "Whoa. Wait a minute, Doc. Are you trying to tell me that my mother has got the hots for me?"], ["user_id", 2], ["created_at", "2018-10-24 17:38:58.725425"], ["updated_at", "2018-10-24 17:38:58.725425"]]
  ↳ db/seeds.rb:16
  [1m[35m (1.9ms)[0m  [1m[36mcommit transaction[0m
  ↳ db/seeds.rb:16
  [1m[35m (0.1ms)[0m  [1m[36mbegin transaction[0m
  ↳ db/seeds.rb:16
  [1m[36mUser Load (0.1ms)[0m  [1m[34mSELECT  "users".* FROM "users" WHERE "users"."id" = ? LIMIT ?[0m  [["id", 2], ["LIMIT", 1]]
  ↳ db/seeds.rb:16
  [1m[36mArticle Create (0.5ms)[0m  [1m[32mINSERT INTO "articles" ("title", "content", "user_id", "created_at", "updated_at") VALUES (?, ?, ?, ?, ?)[0m  [["title", "Match"], ["content", "We're the, uh... We're the Pinheads."], ["user_id", 2], ["created_at", "2018-10-24 17:38:58.731208"], ["updated_at", "2018-10-24 17:38:58.731208"]]
  ↳ db/seeds.rb:16
  [1m[35m (1.7ms)[0m  [1m[36mcommit transaction[0m
  ↳ db/seeds.rb:16
  [1m[35m (0.1ms)[0m  [1m[36mbegin transaction[0m
  ↳ db/seeds.rb:16
  [1m[36mUser Load (0.2ms)[0m  [1m[34mSELECT  "users".* FROM "users" WHERE "users"."id" = ? LIMIT ?[0m  [["id", 2], ["LIMIT", 1]]
  ↳ db/seeds.rb:16
  [1m[36mArticle Create (0.4ms)[0m  [1m[32mINSERT INTO "articles" ("title", "content", "user_id", "created_at", "updated_at") VALUES (?, ?, ?, ?, ?)[0m  [["title", "Mr. Peabody"], ["content", "I had a horrible nightmare. I dreamed that I went... back in time. It was terrible."], ["user_id", 2], ["created_at", "2018-10-24 17:38:58.737065"], ["updated_at", "2018-10-24 17:38:58.737065"]]
  ↳ db/seeds.rb:16
  [1m[35m (1.9ms)[0m  [1m[36mcommit transaction[0m
  ↳ db/seeds.rb:16
  [1m[35m (0.1ms)[0m  [1m[36mbegin transaction[0m
  ↳ db/seeds.rb:16
  [1m[36mUser Load (0.1ms)[0m  [1m[34mSELECT  "users".* FROM "users" WHERE "users"."id" = ? LIMIT ?[0m  [["id", 2], ["LIMIT", 1]]
  ↳ db/seeds.rb:16
  [1m[36mArticle Create (0.4ms)[0m  [1m[32mINSERT INTO "articles" ("title", "content", "user_id", "created_at", "updated_at") VALUES (?, ?, ?, ?, ?)[0m  [["title", "Mr. Strickland"], ["content", "Whoa. This is heavy."], ["user_id", 2], ["created_at", "2018-10-24 17:38:58.742632"], ["updated_at", "2018-10-24 17:38:58.742632"]]
  ↳ db/seeds.rb:16
  [1m[35m (1.9ms)[0m  [1m[36mcommit transaction[0m
  ↳ db/seeds.rb:16
  [1m[35m (0.1ms)[0m  [1m[36mbegin transaction[0m
  ↳ db/seeds.rb:16
  [1m[36mUser Load (0.2ms)[0m  [1m[34mSELECT  "users".* FROM "users" WHERE "users"."id" = ? LIMIT ?[0m  [["id", 2], ["LIMIT", 1]]
  ↳ db/seeds.rb:16
  [1m[36mArticle Create (0.5ms)[0m  [1m[32mINSERT INTO "articles" ("title", "content", "user_id", "created_at", "updated_at") VALUES (?, ?, ?, ?, ?)[0m  [["title", "Lou"], ["content", "No! It requires something with a little more kick...plutonium!"], ["user_id", 2], ["created_at", "2018-10-24 17:38:58.748535"], ["updated_at", "2018-10-24 17:38:58.748535"]]
  ↳ db/seeds.rb:16
  [1m[35m (1.7ms)[0m  [1m[36mcommit transaction[0m
  ↳ db/seeds.rb:16
  [1m[35m (0.1ms)[0m  [1m[36mbegin transaction[0m
  ↳ db/seeds.rb:16
  [1m[36mUser Load (0.1ms)[0m  [1m[34mSELECT  "users".* FROM "users" WHERE "users"."id" = ? LIMIT ?[0m  [["id", 2], ["LIMIT", 1]]
  ↳ db/seeds.rb:16
  [1m[36mArticle Create (0.4ms)[0m  [1m[32mINSERT INTO "articles" ("title", "content", "user_id", "created_at", "updated_at") VALUES (?, ?, ?, ?, ?)[0m  [["title", "Lorraine Baines"], ["content", "No! It requires something with a little more kick...plutonium!"], ["user_id", 2], ["created_at", "2018-10-24 17:38:58.753590"], ["updated_at", "2018-10-24 17:38:58.753590"]]
  ↳ db/seeds.rb:16
  [1m[35m (1.8ms)[0m  [1m[36mcommit transaction[0m
  ↳ db/seeds.rb:16
  [1m[35m (0.1ms)[0m  [1m[36mbegin transaction[0m
  ↳ db/seeds.rb:16
  [1m[36mUser Load (0.1ms)[0m  [1m[34mSELECT  "users".* FROM "users" WHERE "users"."id" = ? LIMIT ?[0m  [["id", 2], ["LIMIT", 1]]
  ↳ db/seeds.rb:16
  [1m[36mArticle Create (0.4ms)[0m  [1m[32mINSERT INTO "articles" ("title", "content", "user_id", "created_at", "updated_at") VALUES (?, ?, ?, ?, ?)[0m  [["title", "Dr. Emmett Brown"], ["content", "Well, I figured, what the hell?"], ["user_id", 2], ["created_at", "2018-10-24 17:38:58.758991"], ["updated_at", "2018-10-24 17:38:58.758991"]]
  ↳ db/seeds.rb:16
  [1m[35m (1.9ms)[0m  [1m[36mcommit transaction[0m
  ↳ db/seeds.rb:16
  [1m[36mArticle Load (0.6ms)[0m  [1m[34mSELECT  "articles".* FROM "articles" LIMIT ?[0m  [["LIMIT", 11]]
  [1m[36mUser Load (0.2ms)[0m  [1m[34mSELECT  "users".* FROM "users" LIMIT ?[0m  [["LIMIT", 11]]
  [1m[35m (0.1ms)[0m  [1m[34mSELECT "schema_migrations"."version" FROM "schema_migrations" ORDER BY "schema_migrations"."version" ASC[0m
  ↳ bin/rails:9
  [1m[35m (0.1ms)[0m  [1m[36mbegin transaction[0m
  ↳ db/seeds.rb:18
  [1m[36mUser Load (0.1ms)[0m  [1m[34mSELECT  "users".* FROM "users" WHERE "users"."id" = ? LIMIT ?[0m  [["id", 5], ["LIMIT", 1]]
  ↳ db/seeds.rb:18
  [1m[36mArticle Create (0.7ms)[0m  [1m[32mINSERT INTO "articles" ("title", "content", "user_id", "created_at", "updated_at") VALUES (?, ?, ?, ?, ?)[0m  [["title", "Biff Tannen"], ["content", "He laid out Biff in one punch. I didn't know he had it in him. He's never stood up to Biff in his life!"], ["user_id", 5], ["created_at", "2018-10-24 17:45:38.546591"], ["updated_at", "2018-10-24 17:45:38.546591"]]
  ↳ db/seeds.rb:18
  [1m[35m (1.9ms)[0m  [1m[36mcommit transaction[0m
  ↳ db/seeds.rb:18
  [1m[35m (0.1ms)[0m  [1m[36mbegin transaction[0m
  ↳ db/seeds.rb:18
  [1m[36mUser Load (0.1ms)[0m  [1m[34mSELECT  "users".* FROM "users" WHERE "users"."id" = ? LIMIT ?[0m  [["id", 7], ["LIMIT", 1]]
  ↳ db/seeds.rb:18
  [1m[36mArticle Create (0.4ms)[0m  [1m[32mINSERT INTO "articles" ("title", "content", "user_id", "created_at", "updated_at") VALUES (?, ?, ?, ?, ?)[0m  [["title", "Jennifer Parker"], ["content", "No! Marty! We've already agreed that having information about the future can be extremely dangerous. Even if your intentions are good, it can backfire drastically!"], ["user_id", 7], ["created_at", "2018-10-24 17:45:38.552560"], ["updated_at", "2018-10-24 17:45:38.552560"]]
  ↳ db/seeds.rb:18
  [1m[35m (1.7ms)[0m  [1m[36mcommit transaction[0m
  ↳ db/seeds.rb:18
  [1m[35m (0.1ms)[0m  [1m[36mbegin transaction[0m
  ↳ db/seeds.rb:18
  [1m[36mUser Load (0.1ms)[0m  [1m[34mSELECT  "users".* FROM "users" WHERE "users"."id" = ? LIMIT ?[0m  [["id", 7], ["LIMIT", 1]]
  ↳ db/seeds.rb:18
  [1m[36mArticle Create (0.8ms)[0m  [1m[32mINSERT INTO "articles" ("title", "content", "user_id", "created_at", "updated_at") VALUES (?, ?, ?, ?, ?)[0m  [["title", "Mr. Peabody"], ["content", "No wonder your president has to be an actor. He's gotta look good on television."], ["user_id", 7], ["created_at", "2018-10-24 17:45:38.558034"], ["updated_at", "2018-10-24 17:45:38.558034"]]
  ↳ db/seeds.rb:18
  [1m[35m (1.9ms)[0m  [1m[36mcommit transaction[0m
  ↳ db/seeds.rb:18
  [1m[35m (0.1ms)[0m  [1m[36mbegin transaction[0m
  ↳ db/seeds.rb:18
  [1m[36mUser Load (0.1ms)[0m  [1m[34mSELECT  "users".* FROM "users" WHERE "users"."id" = ? LIMIT ?[0m  [["id", 9], ["LIMIT", 1]]
  ↳ db/seeds.rb:18
  [1m[36mArticle Create (0.6ms)[0m  [1m[32mINSERT INTO "articles" ("title", "content", "user_id", "created_at", "updated_at") VALUES (?, ?, ?, ?, ?)[0m  [["title", "Biff Tannen"], ["content", "Are you telling me that this sucker is nuclear?"], ["user_id", 9], ["created_at", "2018-10-24 17:45:38.564017"], ["updated_at", "2018-10-24 17:45:38.564017"]]
  ↳ db/seeds.rb:18
  [1m[35m (1.8ms)[0m  [1m[36mcommit transaction[0m
  ↳ db/seeds.rb:18
  [1m[35m (0.1ms)[0m  [1m[36mbegin transaction[0m
  ↳ db/seeds.rb:18
  [1m[36mUser Load (0.1ms)[0m  [1m[34mSELECT  "users".* FROM "users" WHERE "users"."id" = ? LIMIT ?[0m  [["id", 3], ["LIMIT", 1]]
  ↳ db/seeds.rb:18
  [1m[36mArticle Create (0.9ms)[0m  [1m[32mINSERT INTO "articles" ("title", "content", "user_id", "created_at", "updated_at") VALUES (?, ?, ?, ?, ?)[0m  [["title", "Mr. Peabody"], ["content", "Calvin? Wh... Why do you keep calling me Calvin?"], ["user_id", 3], ["created_at", "2018-10-24 17:45:38.569430"], ["updated_at", "2018-10-24 17:45:38.569430"]]
  ↳ db/seeds.rb:18
  [1m[35m (1.7ms)[0m  [1m[36mcommit transaction[0m
  ↳ db/seeds.rb:18
  [1m[35m (0.1ms)[0m  [1m[36mbegin transaction[0m
  ↳ db/seeds.rb:18
  [1m[36mUser Load (0.1ms)[0m  [1m[34mSELECT  "users".* FROM "users" WHERE "users"."id" = ? LIMIT ?[0m  [["id", 3], ["LIMIT", 1]]
  ↳ db/seeds.rb:18
  [1m[36mArticle Create (0.4ms)[0m  [1m[32mINSERT INTO "articles" ("title", "content", "user_id", "created_at", "updated_at") VALUES (?, ?, ?, ?, ?)[0m  [["title", "Dr. Emmett Brown"], ["content", "Yeah, well, history is gonna change."], ["user_id", 3], ["created_at", "2018-10-24 17:45:38.575063"], ["updated_at", "2018-10-24 17:45:38.575063"]]
  ↳ db/seeds.rb:18
  [1m[35m (1.8ms)[0m  [1m[36mcommit transaction[0m
  ↳ db/seeds.rb:18
  [1m[35m (0.1ms)[0m  [1m[36mbegin transaction[0m
  ↳ db/seeds.rb:18
  [1m[36mUser Load (0.1ms)[0m  [1m[34mSELECT  "users".* FROM "users" WHERE "users"."id" = ? LIMIT ?[0m  [["id", 1], ["LIMIT", 1]]
  ↳ db/seeds.rb:18
  [1m[36mArticle Create (0.7ms)[0m  [1m[32mINSERT INTO "articles" ("title", "content", "user_id", "created_at", "updated_at") VALUES (?, ?, ?, ?, ?)[0m  [["title", "Goldie Wilson"], ["content", "Maybe you were adopted."], ["user_id", 1], ["created_at", "2018-10-24 17:45:38.580247"], ["updated_at", "2018-10-24 17:45:38.580247"]]
  ↳ db/seeds.rb:18
  [1m[35m (1.8ms)[0m  [1m[36mcommit transaction[0m
  ↳ db/seeds.rb:18
  [1m[35m (0.1ms)[0m  [1m[36mbegin transaction[0m
  ↳ db/seeds.rb:18
  [1m[36mUser Load (0.1ms)[0m  [1m[34mSELECT  "users".* FROM "users" WHERE "users"."id" = ? LIMIT ?[0m  [["id", 7], ["LIMIT", 1]]
  ↳ db/seeds.rb:18
  [1m[36mArticle Create (0.5ms)[0m  [1m[32mINSERT INTO "articles" ("title", "content", "user_id", "created_at", "updated_at") VALUES (?, ?, ?, ?, ?)[0m  [["title", "Sally Baines"], ["content", "Course! From a group of Lybian Nationalists They wanted me to build them a bomb, so I took their plutonium and in turn I gave them a shiny bomb caseing full of used pinball machine parts!"], ["user_id", 7], ["created_at", "2018-10-24 17:45:38.585399"], ["updated_at", "2018-10-24 17:45:38.585399"]]
  ↳ db/seeds.rb:18
  [1m[35m (1.8ms)[0m  [1m[36mcommit transaction[0m
  ↳ db/seeds.rb:18
  [1m[35m (0.1ms)[0m  [1m[36mbegin transaction[0m
  ↳ db/seeds.rb:18
  [1m[36mUser Load (0.1ms)[0m  [1m[34mSELECT  "users".* FROM "users" WHERE "users"."id" = ? LIMIT ?[0m  [["id", 1], ["LIMIT", 1]]
  ↳ db/seeds.rb:18
  [1m[36mArticle Create (0.5ms)[0m  [1m[32mINSERT INTO "articles" ("title", "content", "user_id", "created_at", "updated_at") VALUES (?, ?, ?, ?, ?)[0m  [["title", "Marvin Berry"], ["content", "Hey, Biff, get a load of this guy's life preserver. Dork thinks he's gonna drown."], ["user_id", 1], ["created_at", "2018-10-24 17:45:38.590770"], ["updated_at", "2018-10-24 17:45:38.590770"]]
  ↳ db/seeds.rb:18
  [1m[35m (1.8ms)[0m  [1m[36mcommit transaction[0m
  ↳ db/seeds.rb:18
  [1m[35m (0.1ms)[0m  [1m[36mbegin transaction[0m
  ↳ db/seeds.rb:18
  [1m[36mUser Load (0.1ms)[0m  [1m[34mSELECT  "users".* FROM "users" WHERE "users"."id" = ? LIMIT ?[0m  [["id", 4], ["LIMIT", 1]]
  ↳ db/seeds.rb:18
  [1m[36mArticle Create (0.4ms)[0m  [1m[32mINSERT INTO "articles" ("title", "content", "user_id", "created_at", "updated_at") VALUES (?, ?, ?, ?, ?)[0m  [["title", "Marty McFly"], ["content", "I finally invent something that works!"], ["user_id", 4], ["created_at", "2018-10-24 17:45:38.595860"], ["updated_at", "2018-10-24 17:45:38.595860"]]
  ↳ db/seeds.rb:18
  [1m[35m (1.7ms)[0m  [1m[36mcommit transaction[0m
  ↳ db/seeds.rb:18
  [1m[36mArticle Load (1.5ms)[0m  [1m[34mSELECT  "articles".* FROM "articles" LIMIT ?[0m  [["LIMIT", 11]]
  [1m[36mArticle Load (0.2ms)[0m  [1m[34mSELECT  "articles".* FROM "articles" WHERE "articles"."id" = ? LIMIT ?[0m  [["id", 1], ["LIMIT", 1]]
  [1m[35m (0.1ms)[0m  [1m[36mbegin transaction[0m
  [1m[36mArticle Destroy (0.9ms)[0m  [1m[31mDELETE FROM "articles" WHERE "articles"."id" = ?[0m  [["id", 1]]
  [1m[35m (2.9ms)[0m  [1m[36mcommit transaction[0m
  [1m[36mArticle Load (1.5ms)[0m  [1m[34mSELECT  "articles".* FROM "articles" LIMIT ?[0m  [["LIMIT", 11]]
  [1m[36mArticle Load (0.3ms)[0m  [1m[34mSELECT  "articles".* FROM "articles" WHERE "articles"."id" = ? LIMIT ?[0m  [["id", 2], ["LIMIT", 1]]
  [1m[35m (0.1ms)[0m  [1m[36mbegin transaction[0m
  [1m[36mArticle Destroy (1.9ms)[0m  [1m[31mDELETE FROM "articles" WHERE "articles"."id" = ?[0m  [["id", 2]]
  [1m[35m (2.4ms)[0m  [1m[36mcommit transaction[0m
  [1m[36mArticle Load (0.3ms)[0m  [1m[34mSELECT  "articles".* FROM "articles" WHERE "articles"."id" = ? LIMIT ?[0m  [["id", 3], ["LIMIT", 1]]
  [1m[35m (0.1ms)[0m  [1m[36mbegin transaction[0m
  [1m[36mArticle Destroy (0.7ms)[0m  [1m[31mDELETE FROM "articles" WHERE "articles"."id" = ?[0m  [["id", 3]]
  [1m[35m (2.4ms)[0m  [1m[36mcommit transaction[0m
  [1m[36mArticle Load (0.3ms)[0m  [1m[34mSELECT  "articles".* FROM "articles" WHERE "articles"."id" = ? LIMIT ?[0m  [["id", 4], ["LIMIT", 1]]
  [1m[35m (0.1ms)[0m  [1m[36mbegin transaction[0m
  [1m[36mArticle Destroy (0.7ms)[0m  [1m[31mDELETE FROM "articles" WHERE "articles"."id" = ?[0m  [["id", 4]]
  [1m[35m (2.4ms)[0m  [1m[36mcommit transaction[0m
  [1m[36mArticle Load (0.3ms)[0m  [1m[34mSELECT  "articles".* FROM "articles" WHERE "articles"."id" = ? LIMIT ?[0m  [["id", 5], ["LIMIT", 1]]
  [1m[35m (0.1ms)[0m  [1m[36mbegin transaction[0m
  [1m[36mArticle Destroy (0.7ms)[0m  [1m[31mDELETE FROM "articles" WHERE "articles"."id" = ?[0m  [["id", 5]]
  [1m[35m (2.2ms)[0m  [1m[36mcommit transaction[0m
  [1m[36mArticle Load (0.3ms)[0m  [1m[34mSELECT  "articles".* FROM "articles" WHERE "articles"."id" = ? LIMIT ?[0m  [["id", 6], ["LIMIT", 1]]
  [1m[35m (0.1ms)[0m  [1m[36mbegin transaction[0m
  [1m[36mArticle Destroy (0.8ms)[0m  [1m[31mDELETE FROM "articles" WHERE "articles"."id" = ?[0m  [["id", 6]]
  [1m[35m (2.3ms)[0m  [1m[36mcommit transaction[0m
  [1m[36mArticle Load (0.3ms)[0m  [1m[34mSELECT  "articles".* FROM "articles" WHERE "articles"."id" = ? LIMIT ?[0m  [["id", 7], ["LIMIT", 1]]
  [1m[35m (0.1ms)[0m  [1m[36mbegin transaction[0m
  [1m[36mArticle Destroy (0.7ms)[0m  [1m[31mDELETE FROM "articles" WHERE "articles"."id" = ?[0m  [["id", 7]]
  [1m[35m (2.4ms)[0m  [1m[36mcommit transaction[0m
  [1m[36mArticle Load (0.3ms)[0m  [1m[34mSELECT  "articles".* FROM "articles" WHERE "articles"."id" = ? LIMIT ?[0m  [["id", 8], ["LIMIT", 1]]
  [1m[35m (0.1ms)[0m  [1m[36mbegin transaction[0m
  [1m[36mArticle Destroy (0.7ms)[0m  [1m[31mDELETE FROM "articles" WHERE "articles"."id" = ?[0m  [["id", 8]]
  [1m[35m (2.5ms)[0m  [1m[36mcommit transaction[0m
  [1m[36mArticle Load (0.3ms)[0m  [1m[34mSELECT  "articles".* FROM "articles" WHERE "articles"."id" = ? LIMIT ?[0m  [["id", 9], ["LIMIT", 1]]
  [1m[35m (0.1ms)[0m  [1m[36mbegin transaction[0m
  [1m[36mArticle Destroy (0.8ms)[0m  [1m[31mDELETE FROM "articles" WHERE "articles"."id" = ?[0m  [["id", 9]]
  [1m[35m (2.4ms)[0m  [1m[36mcommit transaction[0m
  [1m[36mArticle Load (0.2ms)[0m  [1m[34mSELECT  "articles".* FROM "articles" WHERE "articles"."id" = ? LIMIT ?[0m  [["id", 10], ["LIMIT", 1]]
  [1m[35m (0.1ms)[0m  [1m[36mbegin transaction[0m
  [1m[36mArticle Destroy (0.5ms)[0m  [1m[31mDELETE FROM "articles" WHERE "articles"."id" = ?[0m  [["id", 10]]
  [1m[35m (2.0ms)[0m  [1m[36mcommit transaction[0m
  [1m[36mArticle Load (1.4ms)[0m  [1m[34mSELECT  "articles".* FROM "articles" LIMIT ?[0m  [["LIMIT", 11]]
  [1m[35m (0.2ms)[0m  [1m[34mSELECT "schema_migrations"."version" FROM "schema_migrations" ORDER BY "schema_migrations"."version" ASC[0m
  ↳ bin/rails:9
Migrating to CreateCategories (20181024191137)
  [1m[35m (0.1ms)[0m  [1m[36mbegin transaction[0m
  ↳ bin/rails:9
  [1m[35m (0.1ms)[0m  [1m[34mSELECT sqlite_version(*)[0m
  ↳ db/migrate/20181024191137_create_categories.rb:3
  [1m[35m (0.5ms)[0m  [1m[35mCREATE TABLE "categories" ("id" integer PRIMARY KEY AUTOINCREMENT NOT NULL, "name" varchar, "created_at" datetime NOT NULL, "updated_at" datetime NOT NULL)[0m
  ↳ db/migrate/20181024191137_create_categories.rb:3
  [1m[36mActiveRecord::SchemaMigration Create (0.2ms)[0m  [1m[32mINSERT INTO "schema_migrations" ("version") VALUES (?)[0m  [["version", "20181024191137"]]
  ↳ bin/rails:9
  [1m[35m (2.5ms)[0m  [1m[36mcommit transaction[0m
  ↳ bin/rails:9
  [1m[36mActiveRecord::InternalMetadata Load (0.2ms)[0m  [1m[34mSELECT  "ar_internal_metadata".* FROM "ar_internal_metadata" WHERE "ar_internal_metadata"."key" = ? LIMIT ?[0m  [["key", "environment"], ["LIMIT", 1]]
  ↳ bin/rails:9
  [1m[35m (0.0ms)[0m  [1m[36mbegin transaction[0m
  ↳ bin/rails:9
  [1m[35m (0.1ms)[0m  [1m[36mcommit transaction[0m
  ↳ bin/rails:9
  [1m[35m (0.2ms)[0m  [1m[34mSELECT "schema_migrations"."version" FROM "schema_migrations" ORDER BY "schema_migrations"."version" ASC[0m
  ↳ bin/rails:9
  [1m[35m (0.2ms)[0m  [1m[34mSELECT "schema_migrations"."version" FROM "schema_migrations" ORDER BY "schema_migrations"."version" ASC[0m
  ↳ bin/rails:9
  [1m[35m (0.2ms)[0m  [1m[34mSELECT "schema_migrations"."version" FROM "schema_migrations" ORDER BY "schema_migrations"."version" ASC[0m
  ↳ bin/rails:9
Migrating to Article (20181024192040)
  [1m[35m (0.1ms)[0m  [1m[36mbegin transaction[0m
  ↳ bin/rails:9
  [1m[35m (0.5ms)[0m  [1m[35mALTER TABLE "articles" ADD "category_id" integer[0m
  ↳ db/migrate/20181024192040_article.rb:3
  [1m[36mActiveRecord::SchemaMigration Create (0.2ms)[0m  [1m[32mINSERT INTO "schema_migrations" ("version") VALUES (?)[0m  [["version", "20181024192040"]]
  ↳ bin/rails:9
  [1m[35m (2.3ms)[0m  [1m[36mcommit transaction[0m
  ↳ bin/rails:9
  [1m[36mActiveRecord::InternalMetadata Load (0.2ms)[0m  [1m[34mSELECT  "ar_internal_metadata".* FROM "ar_internal_metadata" WHERE "ar_internal_metadata"."key" = ? LIMIT ?[0m  [["key", "environment"], ["LIMIT", 1]]
  ↳ bin/rails:9
  [1m[35m (0.1ms)[0m  [1m[36mbegin transaction[0m
  ↳ bin/rails:9
  [1m[35m (0.0ms)[0m  [1m[36mcommit transaction[0m
  ↳ bin/rails:9
  [1m[35m (0.2ms)[0m  [1m[34mSELECT "schema_migrations"."version" FROM "schema_migrations" ORDER BY "schema_migrations"."version" ASC[0m
  ↳ bin/rails:9
  [1m[35m (0.3ms)[0m  [1m[34mSELECT "schema_migrations"."version" FROM "schema_migrations" ORDER BY "schema_migrations"."version" ASC[0m
  ↳ bin/rails:9
  [1m[35m (0.2ms)[0m  [1m[34mSELECT "schema_migrations"."version" FROM "schema_migrations" ORDER BY "schema_migrations"."version" ASC[0m
  ↳ bin/rails:9
Migrating to ArticleId (20181024193927)
  [1m[35m (0.1ms)[0m  [1m[36mbegin transaction[0m
  ↳ bin/rails:9
  [1m[36mActiveRecord::SchemaMigration Create (0.5ms)[0m  [1m[32mINSERT INTO "schema_migrations" ("version") VALUES (?)[0m  [["version", "20181024193927"]]
  ↳ bin/rails:9
  [1m[35m (1.7ms)[0m  [1m[36mcommit transaction[0m
  ↳ bin/rails:9
  [1m[36mActiveRecord::InternalMetadata Load (0.2ms)[0m  [1m[34mSELECT  "ar_internal_metadata".* FROM "ar_internal_metadata" WHERE "ar_internal_metadata"."key" = ? LIMIT ?[0m  [["key", "environment"], ["LIMIT", 1]]
  ↳ bin/rails:9
  [1m[35m (0.1ms)[0m  [1m[36mbegin transaction[0m
  ↳ bin/rails:9
  [1m[35m (0.0ms)[0m  [1m[36mcommit transaction[0m
  ↳ bin/rails:9
  [1m[35m (0.1ms)[0m  [1m[34mSELECT "schema_migrations"."version" FROM "schema_migrations" ORDER BY "schema_migrations"."version" ASC[0m
  ↳ bin/rails:9
  [1m[35m (0.2ms)[0m  [1m[34mSELECT "schema_migrations"."version" FROM "schema_migrations" ORDER BY "schema_migrations"."version" ASC[0m
  ↳ bin/rails:9
  [1m[35m (0.2ms)[0m  [1m[34mSELECT "schema_migrations"."version" FROM "schema_migrations" ORDER BY "schema_migrations"."version" ASC[0m
  ↳ bin/rails:9
  [1m[35m (0.1ms)[0m  [1m[34mSELECT "schema_migrations"."version" FROM "schema_migrations" ORDER BY "schema_migrations"."version" ASC[0m
  ↳ bin/rails:9
  [1m[35m (0.1ms)[0m  [1m[34mSELECT "schema_migrations"."version" FROM "schema_migrations" ORDER BY "schema_migrations"."version" ASC[0m
  ↳ bin/rails:9
  [1m[35m (0.1ms)[0m  [1m[34mSELECT "schema_migrations"."version" FROM "schema_migrations" ORDER BY "schema_migrations"."version" ASC[0m
  ↳ bin/rails:9
Migrating to ArticleId (20181024193927)
  [1m[35m (0.1ms)[0m  [1m[36mbegin transaction[0m
  ↳ bin/rails:9
  [1m[36mActiveRecord::SchemaMigration Destroy (0.5ms)[0m  [1m[31mDELETE FROM "schema_migrations" WHERE "schema_migrations"."version" = ?[0m  [["version", "20181024193927"]]
  ↳ bin/rails:9
  [1m[35m (1.8ms)[0m  [1m[36mcommit transaction[0m
  ↳ bin/rails:9
  [1m[35m (0.1ms)[0m  [1m[34mSELECT "schema_migrations"."version" FROM "schema_migrations" ORDER BY "schema_migrations"."version" ASC[0m
  ↳ bin/rails:9
  [1m[35m (0.2ms)[0m  [1m[34mSELECT "schema_migrations"."version" FROM "schema_migrations" ORDER BY "schema_migrations"."version" ASC[0m
  ↳ bin/rails:9
  [1m[35m (0.2ms)[0m  [1m[34mSELECT "schema_migrations"."version" FROM "schema_migrations" ORDER BY "schema_migrations"."version" ASC[0m
  ↳ bin/rails:9
  [1m[35m (0.1ms)[0m  [1m[34mSELECT "schema_migrations"."version" FROM "schema_migrations" ORDER BY "schema_migrations"."version" ASC[0m
  ↳ bin/rails:9
  [1m[35m (0.1ms)[0m  [1m[34mSELECT "schema_migrations"."version" FROM "schema_migrations" ORDER BY "schema_migrations"."version" ASC[0m
  ↳ bin/rails:9
  [1m[35m (0.1ms)[0m  [1m[34mSELECT "schema_migrations"."version" FROM "schema_migrations" ORDER BY "schema_migrations"."version" ASC[0m
  ↳ bin/rails:9
Migrating to Article (20181024192040)
  [1m[35m (0.1ms)[0m  [1m[36mbegin transaction[0m
  ↳ bin/rails:9
  [1m[35m (0.1ms)[0m  [1m[34mSELECT sqlite_version(*)[0m
  ↳ bin/rails:9
  [1m[35m (0.2ms)[0m  [1m[35mCREATE TEMPORARY TABLE "aarticles" ("id" integer NOT NULL PRIMARY KEY, "title" varchar DEFAULT NULL, "content" text DEFAULT NULL, "user_id" integer DEFAULT NULL, "created_at" datetime NOT NULL, "updated_at" datetime NOT NULL, "category_id" integer DEFAULT NULL)[0m
  ↳ bin/rails:9
  [1m[35m (0.1ms)[0m  [1m[35mCREATE  INDEX "tindex_aarticles_on_user_id" ON "aarticles" ("user_id")[0m
  ↳ bin/rails:9
  [1m[35m (0.1ms)[0m  [1m[32mINSERT INTO "aarticles" ("id","title","content","user_id","created_at","updated_at","category_id")
                     SELECT "id","title","content","user_id","created_at","updated_at","category_id" FROM "articles"[0m
  ↳ bin/rails:9
  [1m[35m (0.5ms)[0m  [1m[35mDROP TABLE "articles"[0m
  ↳ bin/rails:9
  [1m[35m (0.2ms)[0m  [1m[35mCREATE TABLE "articles" ("id" integer NOT NULL PRIMARY KEY, "title" varchar DEFAULT NULL, "content" text DEFAULT NULL, "user_id" integer DEFAULT NULL, "created_at" datetime NOT NULL, "updated_at" datetime NOT NULL)[0m
  ↳ bin/rails:9
  [1m[35m (0.1ms)[0m  [1m[35mCREATE  INDEX "index_articles_on_user_id" ON "articles" ("user_id")[0m
  ↳ bin/rails:9
  [1m[35m (0.1ms)[0m  [1m[32mINSERT INTO "articles" ("id","title","content","user_id","created_at","updated_at")
                     SELECT "id","title","content","user_id","created_at","updated_at" FROM "aarticles"[0m
  ↳ bin/rails:9
  [1m[35m (0.2ms)[0m  [1m[35mDROP TABLE "aarticles"[0m
  ↳ bin/rails:9
  [1m[36mActiveRecord::SchemaMigration Destroy (0.2ms)[0m  [1m[31mDELETE FROM "schema_migrations" WHERE "schema_migrations"."version" = ?[0m  [["version", "20181024192040"]]
  ↳ bin/rails:9
  [1m[35m (2.0ms)[0m  [1m[36mcommit transaction[0m
  ↳ bin/rails:9
  [1m[35m (0.1ms)[0m  [1m[34mSELECT "schema_migrations"."version" FROM "schema_migrations" ORDER BY "schema_migrations"."version" ASC[0m
  ↳ bin/rails:9
  [1m[35m (0.2ms)[0m  [1m[34mSELECT "schema_migrations"."version" FROM "schema_migrations" ORDER BY "schema_migrations"."version" ASC[0m
  ↳ bin/rails:9
  [1m[35m (0.2ms)[0m  [1m[34mSELECT "schema_migrations"."version" FROM "schema_migrations" ORDER BY "schema_migrations"."version" ASC[0m
  ↳ bin/rails:9
Migrating to Article (20181024192040)
  [1m[35m (0.1ms)[0m  [1m[36mbegin transaction[0m
  ↳ bin/rails:9
  [1m[35m (0.6ms)[0m  [1m[35mALTER TABLE "articles" ADD "category_id" category[0m
  ↳ db/migrate/20181024192040_article.rb:3
  [1m[36mActiveRecord::SchemaMigration Create (0.2ms)[0m  [1m[32mINSERT INTO "schema_migrations" ("version") VALUES (?)[0m  [["version", "20181024192040"]]
  ↳ bin/rails:9
  [1m[35m (1.9ms)[0m  [1m[36mcommit transaction[0m
  ↳ bin/rails:9
Migrating to ArticleId (20181024193927)
  [1m[35m (0.2ms)[0m  [1m[34mSELECT "schema_migrations"."version" FROM "schema_migrations" ORDER BY "schema_migrations"."version" ASC[0m
  ↳ bin/rails:9
  [1m[35m (0.2ms)[0m  [1m[34mSELECT "schema_migrations"."version" FROM "schema_migrations" ORDER BY "schema_migrations"."version" ASC[0m
  ↳ bin/rails:9
  [1m[35m (0.1ms)[0m  [1m[34mSELECT "schema_migrations"."version" FROM "schema_migrations" ORDER BY "schema_migrations"."version" ASC[0m
  ↳ bin/rails:9
  [1m[35m (0.1ms)[0m  [1m[34mSELECT "schema_migrations"."version" FROM "schema_migrations" ORDER BY "schema_migrations"."version" ASC[0m
  ↳ bin/rails:9
  [1m[35m (0.1ms)[0m  [1m[34mSELECT "schema_migrations"."version" FROM "schema_migrations" ORDER BY "schema_migrations"."version" ASC[0m
  ↳ bin/rails:9
Migrating to Article (20181024192040)
  [1m[35m (0.1ms)[0m  [1m[36mbegin transaction[0m
  ↳ bin/rails:9
  [1m[35m (0.1ms)[0m  [1m[34mSELECT sqlite_version(*)[0m
  ↳ bin/rails:9
  [1m[35m (0.2ms)[0m  [1m[35mCREATE TEMPORARY TABLE "aarticles" ("id" integer NOT NULL PRIMARY KEY, "title" varchar DEFAULT NULL, "content" text DEFAULT NULL, "user_id" integer DEFAULT NULL, "created_at" datetime NOT NULL, "updated_at" datetime NOT NULL, "category_id"  DEFAULT NULL)[0m
  ↳ bin/rails:9
  [1m[35m (0.1ms)[0m  [1m[35mCREATE  INDEX "tindex_aarticles_on_user_id" ON "aarticles" ("user_id")[0m
  ↳ bin/rails:9
  [1m[35m (0.1ms)[0m  [1m[32mINSERT INTO "aarticles" ("id","title","content","user_id","created_at","updated_at","category_id")
                     SELECT "id","title","content","user_id","created_at","updated_at","category_id" FROM "articles"[0m
  ↳ bin/rails:9
  [1m[35m (0.4ms)[0m  [1m[35mDROP TABLE "articles"[0m
  ↳ bin/rails:9
  [1m[35m (0.2ms)[0m  [1m[35mCREATE TABLE "articles" ("id" integer NOT NULL PRIMARY KEY, "title" varchar DEFAULT NULL, "content" text DEFAULT NULL, "user_id" integer DEFAULT NULL, "created_at" datetime NOT NULL, "updated_at" datetime NOT NULL)[0m
  ↳ bin/rails:9
  [1m[35m (0.1ms)[0m  [1m[35mCREATE  INDEX "index_articles_on_user_id" ON "articles" ("user_id")[0m
  ↳ bin/rails:9
  [1m[35m (0.1ms)[0m  [1m[32mINSERT INTO "articles" ("id","title","content","user_id","created_at","updated_at")
                     SELECT "id","title","content","user_id","created_at","updated_at" FROM "aarticles"[0m
  ↳ bin/rails:9
  [1m[35m (0.1ms)[0m  [1m[35mDROP TABLE "aarticles"[0m
  ↳ bin/rails:9
  [1m[36mActiveRecord::SchemaMigration Destroy (0.2ms)[0m  [1m[31mDELETE FROM "schema_migrations" WHERE "schema_migrations"."version" = ?[0m  [["version", "20181024192040"]]
  ↳ bin/rails:9
  [1m[35m (2.0ms)[0m  [1m[36mcommit transaction[0m
  ↳ bin/rails:9
  [1m[35m (0.1ms)[0m  [1m[34mSELECT "schema_migrations"."version" FROM "schema_migrations" ORDER BY "schema_migrations"."version" ASC[0m
  ↳ bin/rails:9
  [1m[35m (0.2ms)[0m  [1m[34mSELECT "schema_migrations"."version" FROM "schema_migrations" ORDER BY "schema_migrations"."version" ASC[0m
  ↳ bin/rails:9
Migrating to Article (20181024192040)
  [1m[35m (0.1ms)[0m  [1m[36mbegin transaction[0m
  ↳ bin/rails:9
  [1m[35m (0.5ms)[0m  [1m[35mALTER TABLE "articles" ADD "categoty_id" integer[0m
  ↳ db/migrate/20181024192040_article.rb:3
  [1m[36mActiveRecord::SchemaMigration Create (0.2ms)[0m  [1m[32mINSERT INTO "schema_migrations" ("version") VALUES (?)[0m  [["version", "20181024192040"]]
  ↳ bin/rails:9
  [1m[35m (1.9ms)[0m  [1m[36mcommit transaction[0m
  ↳ bin/rails:9
Migrating to ArticleId (20181024193927)
  [1m[35m (0.2ms)[0m  [1m[34mSELECT "schema_migrations"."version" FROM "schema_migrations" ORDER BY "schema_migrations"."version" ASC[0m
  ↳ bin/rails:9
Migrating to ArticleId (20181024193927)
  [1m[35m (0.2ms)[0m  [1m[34mSELECT "schema_migrations"."version" FROM "schema_migrations" ORDER BY "schema_migrations"."version" ASC[0m
  ↳ bin/rails:9
Migrating to ArticleId (20181024193927)
  [1m[35m (0.1ms)[0m  [1m[36mbegin transaction[0m
  ↳ bin/rails:9
  [1m[36mActiveRecord::SchemaMigration Create (0.6ms)[0m  [1m[32mINSERT INTO "schema_migrations" ("version") VALUES (?)[0m  [["version", "20181024193927"]]
  ↳ bin/rails:9
  [1m[35m (2.1ms)[0m  [1m[36mcommit transaction[0m
  ↳ bin/rails:9
  [1m[36mActiveRecord::InternalMetadata Load (0.2ms)[0m  [1m[34mSELECT  "ar_internal_metadata".* FROM "ar_internal_metadata" WHERE "ar_internal_metadata"."key" = ? LIMIT ?[0m  [["key", "environment"], ["LIMIT", 1]]
  ↳ bin/rails:9
  [1m[35m (0.1ms)[0m  [1m[36mbegin transaction[0m
  ↳ bin/rails:9
  [1m[35m (0.1ms)[0m  [1m[36mcommit transaction[0m
  ↳ bin/rails:9
  [1m[35m (0.1ms)[0m  [1m[34mSELECT "schema_migrations"."version" FROM "schema_migrations" ORDER BY "schema_migrations"."version" ASC[0m
  ↳ bin/rails:9
  [1m[35m (0.1ms)[0m  [1m[34mSELECT "schema_migrations"."version" FROM "schema_migrations" ORDER BY "schema_migrations"."version" ASC[0m
  ↳ bin/rails:9
Migrating to Article2 (20181024201349)
  [1m[35m (0.1ms)[0m  [1m[36mbegin transaction[0m
  ↳ bin/rails:9
  [1m[35m (0.1ms)[0m  [1m[31mrollback transaction[0m
  ↳ bin/rails:9
  [1m[35m (0.2ms)[0m  [1m[34mSELECT "schema_migrations"."version" FROM "schema_migrations" ORDER BY "schema_migrations"."version" ASC[0m
  ↳ bin/rails:9
Migrating to Article2 (20181024201349)
  [1m[35m (0.1ms)[0m  [1m[36mbegin transaction[0m
  ↳ bin/rails:9
  [1m[36mActiveRecord::SchemaMigration Create (0.5ms)[0m  [1m[32mINSERT INTO "schema_migrations" ("version") VALUES (?)[0m  [["version", "20181024201349"]]
  ↳ bin/rails:9
  [1m[35m (1.7ms)[0m  [1m[36mcommit transaction[0m
  ↳ bin/rails:9
  [1m[36mActiveRecord::InternalMetadata Load (0.2ms)[0m  [1m[34mSELECT  "ar_internal_metadata".* FROM "ar_internal_metadata" WHERE "ar_internal_metadata"."key" = ? LIMIT ?[0m  [["key", "environment"], ["LIMIT", 1]]
  ↳ bin/rails:9
  [1m[35m (0.1ms)[0m  [1m[36mbegin transaction[0m
  ↳ bin/rails:9
  [1m[35m (0.1ms)[0m  [1m[36mcommit transaction[0m
  ↳ bin/rails:9
  [1m[35m (0.1ms)[0m  [1m[34mSELECT "schema_migrations"."version" FROM "schema_migrations" ORDER BY "schema_migrations"."version" ASC[0m
  ↳ bin/rails:9
  [1m[35m (0.2ms)[0m  [1m[34mSELECT "schema_migrations"."version" FROM "schema_migrations" ORDER BY "schema_migrations"."version" ASC[0m
  ↳ bin/rails:9
  [1m[36mActiveRecord::InternalMetadata Load (0.2ms)[0m  [1m[34mSELECT  "ar_internal_metadata".* FROM "ar_internal_metadata" WHERE "ar_internal_metadata"."key" = ? LIMIT ?[0m  [["key", "environment"], ["LIMIT", 1]]
  ↳ bin/rails:9
  [1m[35m (0.1ms)[0m  [1m[36mbegin transaction[0m
  ↳ bin/rails:9
  [1m[35m (0.0ms)[0m  [1m[36mcommit transaction[0m
  ↳ bin/rails:9
  [1m[35m (0.1ms)[0m  [1m[34mSELECT "schema_migrations"."version" FROM "schema_migrations" ORDER BY "schema_migrations"."version" ASC[0m
  ↳ bin/rails:9
  [1m[35m (0.2ms)[0m  [1m[34mSELECT "schema_migrations"."version" FROM "schema_migrations" ORDER BY "schema_migrations"."version" ASC[0m
  ↳ bin/rails:9
  [1m[35m (0.1ms)[0m  [1m[34mSELECT "schema_migrations"."version" FROM "schema_migrations" ORDER BY "schema_migrations"."version" ASC[0m
  ↳ bin/rails:9
  [1m[35m (0.1ms)[0m  [1m[34mSELECT "schema_migrations"."version" FROM "schema_migrations" ORDER BY "schema_migrations"."version" ASC[0m
  ↳ bin/rails:9
  [1m[35m (0.1ms)[0m  [1m[34mSELECT "schema_migrations"."version" FROM "schema_migrations" ORDER BY "schema_migrations"."version" ASC[0m
  ↳ bin/rails:9
Migrating to Article2 (20181024201349)
  [1m[35m (0.1ms)[0m  [1m[36mbegin transaction[0m
  ↳ bin/rails:9
  [1m[36mActiveRecord::SchemaMigration Destroy (0.5ms)[0m  [1m[31mDELETE FROM "schema_migrations" WHERE "schema_migrations"."version" = ?[0m  [["version", "20181024201349"]]
  ↳ bin/rails:9
  [1m[35m (1.9ms)[0m  [1m[36mcommit transaction[0m
  ↳ bin/rails:9
  [1m[35m (0.1ms)[0m  [1m[34mSELECT "schema_migrations"."version" FROM "schema_migrations" ORDER BY "schema_migrations"."version" ASC[0m
  ↳ bin/rails:9
  [1m[35m (0.1ms)[0m  [1m[34mSELECT "schema_migrations"."version" FROM "schema_migrations" ORDER BY "schema_migrations"."version" ASC[0m
  ↳ bin/rails:9
  [1m[35m (0.1ms)[0m  [1m[34mSELECT "schema_migrations"."version" FROM "schema_migrations" ORDER BY "schema_migrations"."version" ASC[0m
  ↳ bin/rails:9
  [1m[35m (0.1ms)[0m  [1m[34mSELECT "schema_migrations"."version" FROM "schema_migrations" ORDER BY "schema_migrations"."version" ASC[0m
  ↳ bin/rails:9
  [1m[35m (0.1ms)[0m  [1m[34mSELECT "schema_migrations"."version" FROM "schema_migrations" ORDER BY "schema_migrations"."version" ASC[0m
  ↳ bin/rails:9
Migrating to ArticleId (20181024193927)
  [1m[35m (0.1ms)[0m  [1m[36mbegin transaction[0m
  ↳ bin/rails:9
  [1m[36mActiveRecord::SchemaMigration Destroy (0.5ms)[0m  [1m[31mDELETE FROM "schema_migrations" WHERE "schema_migrations"."version" = ?[0m  [["version", "20181024193927"]]
  ↳ bin/rails:9
  [1m[35m (1.6ms)[0m  [1m[36mcommit transaction[0m
  ↳ bin/rails:9
  [1m[35m (0.1ms)[0m  [1m[34mSELECT "schema_migrations"."version" FROM "schema_migrations" ORDER BY "schema_migrations"."version" ASC[0m
  ↳ bin/rails:9
  [1m[35m (0.2ms)[0m  [1m[34mSELECT "schema_migrations"."version" FROM "schema_migrations" ORDER BY "schema_migrations"."version" ASC[0m
  ↳ bin/rails:9
  [1m[35m (0.1ms)[0m  [1m[34mSELECT "schema_migrations"."version" FROM "schema_migrations" ORDER BY "schema_migrations"."version" ASC[0m
  ↳ bin/rails:9
  [1m[35m (0.1ms)[0m  [1m[34mSELECT "schema_migrations"."version" FROM "schema_migrations" ORDER BY "schema_migrations"."version" ASC[0m
  ↳ bin/rails:9
  [1m[35m (0.1ms)[0m  [1m[34mSELECT "schema_migrations"."version" FROM "schema_migrations" ORDER BY "schema_migrations"."version" ASC[0m
  ↳ bin/rails:9
Migrating to Article (20181024192040)
  [1m[35m (0.1ms)[0m  [1m[36mbegin transaction[0m
  ↳ bin/rails:9
  [1m[35m (0.1ms)[0m  [1m[34mSELECT sqlite_version(*)[0m
  ↳ bin/rails:9
  [1m[35m (0.3ms)[0m  [1m[35mCREATE TEMPORARY TABLE "aarticles" ("id" integer NOT NULL PRIMARY KEY, "title" varchar DEFAULT NULL, "content" text DEFAULT NULL, "user_id" integer DEFAULT NULL, "created_at" datetime NOT NULL, "updated_at" datetime NOT NULL, "categoty_id" integer DEFAULT NULL)[0m
  ↳ bin/rails:9
  [1m[35m (0.1ms)[0m  [1m[35mCREATE  INDEX "tindex_aarticles_on_user_id" ON "aarticles" ("user_id")[0m
  ↳ bin/rails:9
  [1m[35m (0.1ms)[0m  [1m[32mINSERT INTO "aarticles" ("id","title","content","user_id","created_at","updated_at","categoty_id")
                     SELECT "id","title","content","user_id","created_at","updated_at","categoty_id" FROM "articles"[0m
  ↳ bin/rails:9
  [1m[35m (0.4ms)[0m  [1m[35mDROP TABLE "articles"[0m
  ↳ bin/rails:9
  [1m[35m (0.2ms)[0m  [1m[35mCREATE TABLE "articles" ("id" integer NOT NULL PRIMARY KEY, "title" varchar DEFAULT NULL, "content" text DEFAULT NULL, "user_id" integer DEFAULT NULL, "created_at" datetime NOT NULL, "updated_at" datetime NOT NULL)[0m
  ↳ bin/rails:9
  [1m[35m (0.1ms)[0m  [1m[35mCREATE  INDEX "index_articles_on_user_id" ON "articles" ("user_id")[0m
  ↳ bin/rails:9
  [1m[35m (0.1ms)[0m  [1m[32mINSERT INTO "articles" ("id","title","content","user_id","created_at","updated_at")
                     SELECT "id","title","content","user_id","created_at","updated_at" FROM "aarticles"[0m
  ↳ bin/rails:9
  [1m[35m (0.1ms)[0m  [1m[35mDROP TABLE "aarticles"[0m
  ↳ bin/rails:9
  [1m[36mActiveRecord::SchemaMigration Destroy (0.2ms)[0m  [1m[31mDELETE FROM "schema_migrations" WHERE "schema_migrations"."version" = ?[0m  [["version", "20181024192040"]]
  ↳ bin/rails:9
  [1m[35m (2.4ms)[0m  [1m[36mcommit transaction[0m
  ↳ bin/rails:9
  [1m[35m (0.1ms)[0m  [1m[34mSELECT "schema_migrations"."version" FROM "schema_migrations" ORDER BY "schema_migrations"."version" ASC[0m
  ↳ bin/rails:9
  [1m[35m (0.2ms)[0m  [1m[34mSELECT "schema_migrations"."version" FROM "schema_migrations" ORDER BY "schema_migrations"."version" ASC[0m
  ↳ bin/rails:9
  [1m[35m (0.2ms)[0m  [1m[34mSELECT "schema_migrations"."version" FROM "schema_migrations" ORDER BY "schema_migrations"."version" ASC[0m
  ↳ bin/rails:9
  [1m[35m (0.2ms)[0m  [1m[34mSELECT "schema_migrations"."version" FROM "schema_migrations" ORDER BY "schema_migrations"."version" ASC[0m
  ↳ bin/rails:9
Migrating to Article (20181024202311)
  [1m[35m (0.1ms)[0m  [1m[36mbegin transaction[0m
  ↳ bin/rails:9
  [1m[35m (0.1ms)[0m  [1m[31mrollback transaction[0m
  ↳ bin/rails:9
  [1m[35m (0.2ms)[0m  [1m[34mSELECT "schema_migrations"."version" FROM "schema_migrations" ORDER BY "schema_migrations"."version" ASC[0m
  ↳ bin/rails:9
  [1m[35m (0.1ms)[0m  [1m[34mSELECT "schema_migrations"."version" FROM "schema_migrations" ORDER BY "schema_migrations"."version" ASC[0m
  ↳ bin/rails:9
  [1m[35m (0.1ms)[0m  [1m[34mSELECT "schema_migrations"."version" FROM "schema_migrations" ORDER BY "schema_migrations"."version" ASC[0m
  ↳ bin/rails:9
  [1m[35m (0.1ms)[0m  [1m[34mSELECT "schema_migrations"."version" FROM "schema_migrations" ORDER BY "schema_migrations"."version" ASC[0m
  ↳ bin/rails:9
Migrating to CreateCategories (20181024191137)
  [1m[35m (0.1ms)[0m  [1m[36mbegin transaction[0m
  ↳ bin/rails:9
  [1m[35m (0.7ms)[0m  [1m[35mDROP TABLE "categories"[0m
  ↳ bin/rails:9
  [1m[36mActiveRecord::SchemaMigration Destroy (0.3ms)[0m  [1m[31mDELETE FROM "schema_migrations" WHERE "schema_migrations"."version" = ?[0m  [["version", "20181024191137"]]
  ↳ bin/rails:9
  [1m[35m (2.1ms)[0m  [1m[36mcommit transaction[0m
  ↳ bin/rails:9
  [1m[35m (0.2ms)[0m  [1m[34mSELECT "schema_migrations"."version" FROM "schema_migrations" ORDER BY "schema_migrations"."version" ASC[0m
  ↳ bin/rails:9
  [1m[35m (0.2ms)[0m  [1m[34mSELECT "schema_migrations"."version" FROM "schema_migrations" ORDER BY "schema_migrations"."version" ASC[0m
  ↳ bin/rails:9
Migrating to CreateCategories (20181024191137)
  [1m[35m (0.1ms)[0m  [1m[36mbegin transaction[0m
  ↳ bin/rails:9
  [1m[35m (0.1ms)[0m  [1m[34mSELECT sqlite_version(*)[0m
  ↳ db/migrate/20181024191137_create_categories.rb:3
  [1m[35m (0.6ms)[0m  [1m[35mCREATE TABLE "categories" ("id" integer PRIMARY KEY AUTOINCREMENT NOT NULL, "name" varchar, "created_at" datetime NOT NULL, "updated_at" datetime NOT NULL)[0m
  ↳ db/migrate/20181024191137_create_categories.rb:3
  [1m[36mActiveRecord::SchemaMigration Create (0.3ms)[0m  [1m[32mINSERT INTO "schema_migrations" ("version") VALUES (?)[0m  [["version", "20181024191137"]]
  ↳ bin/rails:9
  [1m[35m (1.9ms)[0m  [1m[36mcommit transaction[0m
  ↳ bin/rails:9
Migrating to Article (20181024202311)
  [1m[35m (0.1ms)[0m  [1m[36mbegin transaction[0m
  ↳ bin/rails:9
  [1m[35m (0.1ms)[0m  [1m[31mrollback transaction[0m
  ↳ bin/rails:9
  [1m[35m (0.1ms)[0m  [1m[34mSELECT "schema_migrations"."version" FROM "schema_migrations" ORDER BY "schema_migrations"."version" ASC[0m
  ↳ bin/rails:9
  [1m[35m (0.1ms)[0m  [1m[34mSELECT "schema_migrations"."version" FROM "schema_migrations" ORDER BY "schema_migrations"."version" ASC[0m
  ↳ bin/rails:9
  [1m[35m (0.1ms)[0m  [1m[34mSELECT "schema_migrations"."version" FROM "schema_migrations" ORDER BY "schema_migrations"."version" ASC[0m
  ↳ bin/rails:9
  [1m[35m (0.2ms)[0m  [1m[34mSELECT "schema_migrations"."version" FROM "schema_migrations" ORDER BY "schema_migrations"."version" ASC[0m
  ↳ bin/rails:9
Migrating to CreateCategories (20181024191137)
  [1m[35m (0.1ms)[0m  [1m[36mbegin transaction[0m
  ↳ bin/rails:9
  [1m[35m (0.7ms)[0m  [1m[35mDROP TABLE "categories"[0m
  ↳ bin/rails:9
  [1m[36mActiveRecord::SchemaMigration Destroy (0.4ms)[0m  [1m[31mDELETE FROM "schema_migrations" WHERE "schema_migrations"."version" = ?[0m  [["version", "20181024191137"]]
  ↳ bin/rails:9
  [1m[35m (2.1ms)[0m  [1m[36mcommit transaction[0m
  ↳ bin/rails:9
  [1m[35m (0.1ms)[0m  [1m[34mSELECT "schema_migrations"."version" FROM "schema_migrations" ORDER BY "schema_migrations"."version" ASC[0m
  ↳ bin/rails:9
  [1m[35m (0.1ms)[0m  [1m[34mSELECT "schema_migrations"."version" FROM "schema_migrations" ORDER BY "schema_migrations"."version" ASC[0m
  ↳ bin/rails:9
Migrating to CreateCategories (20181024191137)
  [1m[35m (0.1ms)[0m  [1m[36mbegin transaction[0m
  ↳ bin/rails:9
  [1m[35m (0.1ms)[0m  [1m[34mSELECT sqlite_version(*)[0m
  ↳ db/migrate/20181024191137_create_categories.rb:3
  [1m[35m (0.6ms)[0m  [1m[35mCREATE TABLE "categories" ("id" integer PRIMARY KEY AUTOINCREMENT NOT NULL, "name" varchar, "created_at" datetime NOT NULL, "updated_at" datetime NOT NULL)[0m
  ↳ db/migrate/20181024191137_create_categories.rb:3
  [1m[36mActiveRecord::SchemaMigration Create (0.2ms)[0m  [1m[32mINSERT INTO "schema_migrations" ("version") VALUES (?)[0m  [["version", "20181024191137"]]
  ↳ bin/rails:9
  [1m[35m (2.0ms)[0m  [1m[36mcommit transaction[0m
  ↳ bin/rails:9
Migrating to Article (20181024202311)
  [1m[35m (0.1ms)[0m  [1m[36mbegin transaction[0m
  ↳ bin/rails:9
  [1m[35m (0.4ms)[0m  [1m[35mCREATE  INDEX "index_category_on_articles" ON "category" ("articles")[0m
  ↳ db/migrate/20181024202311_article.rb:3
  [1m[35m (0.1ms)[0m  [1m[31mrollback transaction[0m
  ↳ bin/rails:9
  [1m[35m (0.2ms)[0m  [1m[34mSELECT "schema_migrations"."version" FROM "schema_migrations" ORDER BY "schema_migrations"."version" ASC[0m
  ↳ bin/rails:9
  [1m[35m (0.1ms)[0m  [1m[34mSELECT "schema_migrations"."version" FROM "schema_migrations" ORDER BY "schema_migrations"."version" ASC[0m
  ↳ bin/rails:9
  [1m[35m (0.1ms)[0m  [1m[34mSELECT "schema_migrations"."version" FROM "schema_migrations" ORDER BY "schema_migrations"."version" ASC[0m
  ↳ bin/rails:9
  [1m[35m (0.1ms)[0m  [1m[34mSELECT "schema_migrations"."version" FROM "schema_migrations" ORDER BY "schema_migrations"."version" ASC[0m
  ↳ bin/rails:9
Migrating to CreateCategories (20181024191137)
  [1m[35m (0.1ms)[0m  [1m[36mbegin transaction[0m
  ↳ bin/rails:9
  [1m[35m (0.6ms)[0m  [1m[35mDROP TABLE "categories"[0m
  ↳ bin/rails:9
  [1m[36mActiveRecord::SchemaMigration Destroy (0.3ms)[0m  [1m[31mDELETE FROM "schema_migrations" WHERE "schema_migrations"."version" = ?[0m  [["version", "20181024191137"]]
  ↳ bin/rails:9
  [1m[35m (1.9ms)[0m  [1m[36mcommit transaction[0m
  ↳ bin/rails:9
  [1m[35m (0.2ms)[0m  [1m[34mSELECT "schema_migrations"."version" FROM "schema_migrations" ORDER BY "schema_migrations"."version" ASC[0m
  ↳ bin/rails:9
  [1m[35m (0.1ms)[0m  [1m[34mSELECT "schema_migrations"."version" FROM "schema_migrations" ORDER BY "schema_migrations"."version" ASC[0m
  ↳ bin/rails:9
Migrating to CreateCategories (20181024191137)
  [1m[35m (0.1ms)[0m  [1m[36mbegin transaction[0m
  ↳ bin/rails:9
  [1m[35m (0.1ms)[0m  [1m[34mSELECT sqlite_version(*)[0m
  ↳ db/migrate/20181024191137_create_categories.rb:3
  [1m[35m (0.6ms)[0m  [1m[35mCREATE TABLE "categories" ("id" integer PRIMARY KEY AUTOINCREMENT NOT NULL, "name" varchar, "created_at" datetime NOT NULL, "updated_at" datetime NOT NULL)[0m
  ↳ db/migrate/20181024191137_create_categories.rb:3
  [1m[36mActiveRecord::SchemaMigration Create (0.3ms)[0m  [1m[32mINSERT INTO "schema_migrations" ("version") VALUES (?)[0m  [["version", "20181024191137"]]
  ↳ bin/rails:9
  [1m[35m (2.1ms)[0m  [1m[36mcommit transaction[0m
  ↳ bin/rails:9
Migrating to Article (20181024202311)
  [1m[35m (0.1ms)[0m  [1m[36mbegin transaction[0m
  ↳ bin/rails:9
  [1m[35m (0.1ms)[0m  [1m[31mrollback transaction[0m
  ↳ bin/rails:9
  [1m[35m (0.1ms)[0m  [1m[34mSELECT "schema_migrations"."version" FROM "schema_migrations" ORDER BY "schema_migrations"."version" ASC[0m
  ↳ bin/rails:9
  [1m[35m (0.1ms)[0m  [1m[34mSELECT "schema_migrations"."version" FROM "schema_migrations" ORDER BY "schema_migrations"."version" ASC[0m
  ↳ bin/rails:9
  [1m[35m (0.1ms)[0m  [1m[34mSELECT "schema_migrations"."version" FROM "schema_migrations" ORDER BY "schema_migrations"."version" ASC[0m
  ↳ bin/rails:9
  [1m[35m (0.1ms)[0m  [1m[34mSELECT "schema_migrations"."version" FROM "schema_migrations" ORDER BY "schema_migrations"."version" ASC[0m
  ↳ bin/rails:9
Migrating to CreateCategories (20181024191137)
  [1m[35m (0.1ms)[0m  [1m[36mbegin transaction[0m
  ↳ bin/rails:9
  [1m[35m (0.6ms)[0m  [1m[35mDROP TABLE "categories"[0m
  ↳ bin/rails:9
  [1m[36mActiveRecord::SchemaMigration Destroy (0.3ms)[0m  [1m[31mDELETE FROM "schema_migrations" WHERE "schema_migrations"."version" = ?[0m  [["version", "20181024191137"]]
  ↳ bin/rails:9
  [1m[35m (2.1ms)[0m  [1m[36mcommit transaction[0m
  ↳ bin/rails:9
  [1m[35m (0.1ms)[0m  [1m[34mSELECT "schema_migrations"."version" FROM "schema_migrations" ORDER BY "schema_migrations"."version" ASC[0m
  ↳ bin/rails:9
  [1m[35m (0.2ms)[0m  [1m[34mSELECT "schema_migrations"."version" FROM "schema_migrations" ORDER BY "schema_migrations"."version" ASC[0m
  ↳ bin/rails:9
Migrating to CreateCategories (20181024191137)
  [1m[35m (0.1ms)[0m  [1m[36mbegin transaction[0m
  ↳ bin/rails:9
  [1m[35m (0.1ms)[0m  [1m[34mSELECT sqlite_version(*)[0m
  ↳ db/migrate/20181024191137_create_categories.rb:3
  [1m[35m (0.6ms)[0m  [1m[35mCREATE TABLE "categories" ("id" integer PRIMARY KEY AUTOINCREMENT NOT NULL, "name" varchar, "created_at" datetime NOT NULL, "updated_at" datetime NOT NULL)[0m
  ↳ db/migrate/20181024191137_create_categories.rb:3
  [1m[36mActiveRecord::SchemaMigration Create (0.2ms)[0m  [1m[32mINSERT INTO "schema_migrations" ("version") VALUES (?)[0m  [["version", "20181024191137"]]
  ↳ bin/rails:9
  [1m[35m (1.9ms)[0m  [1m[36mcommit transaction[0m
  ↳ bin/rails:9
Migrating to Article (20181024202311)
  [1m[35m (0.1ms)[0m  [1m[36mbegin transaction[0m
  ↳ bin/rails:9
  [1m[35m (0.1ms)[0m  [1m[31mrollback transaction[0m
  ↳ bin/rails:9
  [1m[35m (0.2ms)[0m  [1m[34mSELECT "schema_migrations"."version" FROM "schema_migrations" ORDER BY "schema_migrations"."version" ASC[0m
  ↳ bin/rails:9
  [1m[35m (0.2ms)[0m  [1m[34mSELECT "schema_migrations"."version" FROM "schema_migrations" ORDER BY "schema_migrations"."version" ASC[0m
  ↳ bin/rails:9
Migrating to Article (20181024202311)
  [1m[35m (0.1ms)[0m  [1m[36mbegin transaction[0m
  ↳ bin/rails:9
  [1m[35m (0.6ms)[0m  [1m[35mALTER TABLE "article" ADD "category_id" integer[0m
  ↳ db/migrate/20181024202311_article.rb:3
  [1m[35m (0.1ms)[0m  [1m[31mrollback transaction[0m
  ↳ bin/rails:9
  [1m[35m (0.2ms)[0m  [1m[34mSELECT "schema_migrations"."version" FROM "schema_migrations" ORDER BY "schema_migrations"."version" ASC[0m
  ↳ bin/rails:9
  [1m[35m (0.1ms)[0m  [1m[34mSELECT "schema_migrations"."version" FROM "schema_migrations" ORDER BY "schema_migrations"."version" ASC[0m
  ↳ bin/rails:9
  [1m[35m (0.1ms)[0m  [1m[34mSELECT "schema_migrations"."version" FROM "schema_migrations" ORDER BY "schema_migrations"."version" ASC[0m
  ↳ bin/rails:9
  [1m[35m (0.1ms)[0m  [1m[34mSELECT "schema_migrations"."version" FROM "schema_migrations" ORDER BY "schema_migrations"."version" ASC[0m
  ↳ bin/rails:9
  [1m[35m (0.1ms)[0m  [1m[34mSELECT "schema_migrations"."version" FROM "schema_migrations" ORDER BY "schema_migrations"."version" ASC[0m
  ↳ bin/rails:9
Migrating to CreateCategories (20181024191137)
  [1m[35m (0.1ms)[0m  [1m[36mbegin transaction[0m
  ↳ bin/rails:9
  [1m[35m (0.6ms)[0m  [1m[35mDROP TABLE "categories"[0m
  ↳ bin/rails:9
  [1m[36mActiveRecord::SchemaMigration Destroy (0.3ms)[0m  [1m[31mDELETE FROM "schema_migrations" WHERE "schema_migrations"."version" = ?[0m  [["version", "20181024191137"]]
  ↳ bin/rails:9
  [1m[35m (2.3ms)[0m  [1m[36mcommit transaction[0m
  ↳ bin/rails:9
  [1m[35m (0.1ms)[0m  [1m[34mSELECT "schema_migrations"."version" FROM "schema_migrations" ORDER BY "schema_migrations"."version" ASC[0m
  ↳ bin/rails:9
  [1m[35m (0.2ms)[0m  [1m[34mSELECT "schema_migrations"."version" FROM "schema_migrations" ORDER BY "schema_migrations"."version" ASC[0m
  ↳ bin/rails:9
Migrating to CreateCategories (20181024191137)
  [1m[35m (0.1ms)[0m  [1m[36mbegin transaction[0m
  ↳ bin/rails:9
  [1m[35m (0.1ms)[0m  [1m[34mSELECT sqlite_version(*)[0m
  ↳ db/migrate/20181024191137_create_categories.rb:3
  [1m[35m (0.6ms)[0m  [1m[35mCREATE TABLE "categories" ("id" integer PRIMARY KEY AUTOINCREMENT NOT NULL, "name" varchar, "created_at" datetime NOT NULL, "updated_at" datetime NOT NULL)[0m
  ↳ db/migrate/20181024191137_create_categories.rb:3
  [1m[36mActiveRecord::SchemaMigration Create (0.2ms)[0m  [1m[32mINSERT INTO "schema_migrations" ("version") VALUES (?)[0m  [["version", "20181024191137"]]
  ↳ bin/rails:9
  [1m[35m (1.8ms)[0m  [1m[36mcommit transaction[0m
  ↳ bin/rails:9
Migrating to Article (20181024202311)
  [1m[35m (0.1ms)[0m  [1m[36mbegin transaction[0m
  ↳ bin/rails:9
  [1m[35m (0.6ms)[0m  [1m[35mALTER TABLE "articles" ADD "category_id" integer[0m
  ↳ db/migrate/20181024202311_article.rb:3
  [1m[36mActiveRecord::SchemaMigration Create (0.3ms)[0m  [1m[32mINSERT INTO "schema_migrations" ("version") VALUES (?)[0m  [["version", "20181024202311"]]
  ↳ bin/rails:9
  [1m[35m (2.1ms)[0m  [1m[36mcommit transaction[0m
  ↳ bin/rails:9
  [1m[36mActiveRecord::InternalMetadata Load (0.3ms)[0m  [1m[34mSELECT  "ar_internal_metadata".* FROM "ar_internal_metadata" WHERE "ar_internal_metadata"."key" = ? LIMIT ?[0m  [["key", "environment"], ["LIMIT", 1]]
  ↳ bin/rails:9
  [1m[35m (0.1ms)[0m  [1m[36mbegin transaction[0m
  ↳ bin/rails:9
  [1m[35m (0.0ms)[0m  [1m[36mcommit transaction[0m
  ↳ bin/rails:9
  [1m[35m (0.2ms)[0m  [1m[34mSELECT "schema_migrations"."version" FROM "schema_migrations" ORDER BY "schema_migrations"."version" ASC[0m
  ↳ bin/rails:9
  [1m[35m (0.2ms)[0m  [1m[34mSELECT "schema_migrations"."version" FROM "schema_migrations" ORDER BY "schema_migrations"."version" ASC[0m
  ↳ bin/rails:9
Migrating to Article2 (20181024203616)
  [1m[35m (0.1ms)[0m  [1m[36mbegin transaction[0m
  ↳ bin/rails:9
  [1m[35m (0.1ms)[0m  [1m[34mSELECT sqlite_version(*)[0m
  ↳ db/migrate/20181024203616_article2.rb:3
  [1m[35m (0.4ms)[0m  [1m[35mCREATE  INDEX "index_category_on_category_id" ON "category" ("category_id")[0m
  ↳ db/migrate/20181024203616_article2.rb:3
  [1m[35m (0.1ms)[0m  [1m[31mrollback transaction[0m
  ↳ bin/rails:9
  [1m[35m (0.2ms)[0m  [1m[34mSELECT "schema_migrations"."version" FROM "schema_migrations" ORDER BY "schema_migrations"."version" ASC[0m
  ↳ bin/rails:9
  [1m[35m (0.1ms)[0m  [1m[34mSELECT "schema_migrations"."version" FROM "schema_migrations" ORDER BY "schema_migrations"."version" ASC[0m
  ↳ bin/rails:9
  [1m[35m (0.1ms)[0m  [1m[34mSELECT "schema_migrations"."version" FROM "schema_migrations" ORDER BY "schema_migrations"."version" ASC[0m
  ↳ bin/rails:9
  [1m[35m (0.1ms)[0m  [1m[34mSELECT "schema_migrations"."version" FROM "schema_migrations" ORDER BY "schema_migrations"."version" ASC[0m
  ↳ bin/rails:9
Migrating to Article (20181024202311)
  [1m[35m (0.1ms)[0m  [1m[36mbegin transaction[0m
  ↳ bin/rails:9
  [1m[35m (0.1ms)[0m  [1m[34mSELECT sqlite_version(*)[0m
  ↳ bin/rails:9
  [1m[35m (0.2ms)[0m  [1m[35mCREATE TEMPORARY TABLE "aarticles" ("id" integer NOT NULL PRIMARY KEY, "title" varchar DEFAULT NULL, "content" text DEFAULT NULL, "user_id" integer DEFAULT NULL, "created_at" datetime NOT NULL, "updated_at" datetime NOT NULL, "category_id" integer DEFAULT NULL)[0m
  ↳ bin/rails:9
  [1m[35m (0.1ms)[0m  [1m[35mCREATE  INDEX "tindex_aarticles_on_user_id" ON "aarticles" ("user_id")[0m
  ↳ bin/rails:9
  [1m[35m (0.1ms)[0m  [1m[32mINSERT INTO "aarticles" ("id","title","content","user_id","created_at","updated_at","category_id")
                     SELECT "id","title","content","user_id","created_at","updated_at","category_id" FROM "articles"[0m
  ↳ bin/rails:9
  [1m[35m (0.5ms)[0m  [1m[35mDROP TABLE "articles"[0m
  ↳ bin/rails:9
  [1m[35m (0.2ms)[0m  [1m[35mCREATE TABLE "articles" ("id" integer NOT NULL PRIMARY KEY, "title" varchar DEFAULT NULL, "content" text DEFAULT NULL, "user_id" integer DEFAULT NULL, "created_at" datetime NOT NULL, "updated_at" datetime NOT NULL)[0m
  ↳ bin/rails:9
  [1m[35m (0.1ms)[0m  [1m[35mCREATE  INDEX "index_articles_on_user_id" ON "articles" ("user_id")[0m
  ↳ bin/rails:9
  [1m[35m (0.1ms)[0m  [1m[32mINSERT INTO "articles" ("id","title","content","user_id","created_at","updated_at")
                     SELECT "id","title","content","user_id","created_at","updated_at" FROM "aarticles"[0m
  ↳ bin/rails:9
  [1m[35m (0.2ms)[0m  [1m[35mDROP TABLE "aarticles"[0m
  ↳ bin/rails:9
  [1m[36mActiveRecord::SchemaMigration Destroy (0.2ms)[0m  [1m[31mDELETE FROM "schema_migrations" WHERE "schema_migrations"."version" = ?[0m  [["version", "20181024202311"]]
  ↳ bin/rails:9
  [1m[35m (2.0ms)[0m  [1m[36mcommit transaction[0m
  ↳ bin/rails:9
  [1m[35m (0.2ms)[0m  [1m[34mSELECT "schema_migrations"."version" FROM "schema_migrations" ORDER BY "schema_migrations"."version" ASC[0m
  ↳ bin/rails:9
  [1m[35m (0.2ms)[0m  [1m[34mSELECT "schema_migrations"."version" FROM "schema_migrations" ORDER BY "schema_migrations"."version" ASC[0m
  ↳ bin/rails:9
Migrating to Article (20181024202311)
  [1m[35m (0.1ms)[0m  [1m[36mbegin transaction[0m
  ↳ bin/rails:9
  [1m[35m (0.6ms)[0m  [1m[35mALTER TABLE "articles" ADD "category_id" integer[0m
  ↳ db/migrate/20181024202311_article.rb:3
  [1m[36mActiveRecord::SchemaMigration Create (0.3ms)[0m  [1m[32mINSERT INTO "schema_migrations" ("version") VALUES (?)[0m  [["version", "20181024202311"]]
  ↳ bin/rails:9
  [1m[35m (2.1ms)[0m  [1m[36mcommit transaction[0m
  ↳ bin/rails:9
Migrating to Article2 (20181024203616)
  [1m[35m (0.1ms)[0m  [1m[36mbegin transaction[0m
  ↳ bin/rails:9
  [1m[35m (0.1ms)[0m  [1m[34mSELECT sqlite_version(*)[0m
  ↳ db/migrate/20181024203616_article2.rb:3
  [1m[35m (0.6ms)[0m  [1m[35mCREATE  INDEX "index_articles_on_category_id" ON "articles" ("category_id")[0m
  ↳ db/migrate/20181024203616_article2.rb:3
  [1m[36mActiveRecord::SchemaMigration Create (0.2ms)[0m  [1m[32mINSERT INTO "schema_migrations" ("version") VALUES (?)[0m  [["version", "20181024203616"]]
  ↳ bin/rails:9
  [1m[35m (2.0ms)[0m  [1m[36mcommit transaction[0m
  ↳ bin/rails:9
  [1m[36mActiveRecord::InternalMetadata Load (0.2ms)[0m  [1m[34mSELECT  "ar_internal_metadata".* FROM "ar_internal_metadata" WHERE "ar_internal_metadata"."key" = ? LIMIT ?[0m  [["key", "environment"], ["LIMIT", 1]]
  ↳ bin/rails:9
  [1m[35m (0.1ms)[0m  [1m[36mbegin transaction[0m
  ↳ bin/rails:9
  [1m[35m (0.0ms)[0m  [1m[36mcommit transaction[0m
  ↳ bin/rails:9
  [1m[35m (0.1ms)[0m  [1m[34mSELECT "schema_migrations"."version" FROM "schema_migrations" ORDER BY "schema_migrations"."version" ASC[0m
  ↳ bin/rails:9
  [1m[35m (0.3ms)[0m  [1m[34mSELECT "schema_migrations"."version" FROM "schema_migrations" ORDER BY "schema_migrations"."version" ASC[0m
  ↳ bin/rails:9
Migrating to CreateCommentaires (20181024211756)
  [1m[35m (0.1ms)[0m  [1m[36mbegin transaction[0m
  ↳ bin/rails:9
  [1m[35m (0.1ms)[0m  [1m[34mSELECT sqlite_version(*)[0m
  ↳ db/migrate/20181024211756_create_commentaires.rb:3
  [1m[35m (0.5ms)[0m  [1m[35mCREATE TABLE "commentaires" ("id" integer PRIMARY KEY AUTOINCREMENT NOT NULL, "content" text, "user_id" integer, "article_id" integer, "created_at" datetime NOT NULL, "updated_at" datetime NOT NULL)[0m
  ↳ db/migrate/20181024211756_create_commentaires.rb:3
  [1m[35m (0.1ms)[0m  [1m[35mCREATE  INDEX "index_commentaires_on_user_id" ON "commentaires" ("user_id")[0m
  ↳ db/migrate/20181024211756_create_commentaires.rb:3
  [1m[35m (0.2ms)[0m  [1m[35mCREATE  INDEX "index_commentaires_on_article_id" ON "commentaires" ("article_id")[0m
  ↳ db/migrate/20181024211756_create_commentaires.rb:3
  [1m[36mActiveRecord::SchemaMigration Create (0.2ms)[0m  [1m[32mINSERT INTO "schema_migrations" ("version") VALUES (?)[0m  [["version", "20181024211756"]]
  ↳ bin/rails:9
  [1m[35m (2.1ms)[0m  [1m[36mcommit transaction[0m
  ↳ bin/rails:9
  [1m[36mActiveRecord::InternalMetadata Load (0.2ms)[0m  [1m[34mSELECT  "ar_internal_metadata".* FROM "ar_internal_metadata" WHERE "ar_internal_metadata"."key" = ? LIMIT ?[0m  [["key", "environment"], ["LIMIT", 1]]
  ↳ bin/rails:9
  [1m[35m (0.1ms)[0m  [1m[36mbegin transaction[0m
  ↳ bin/rails:9
  [1m[35m (0.0ms)[0m  [1m[36mcommit transaction[0m
  ↳ bin/rails:9
  [1m[35m (0.1ms)[0m  [1m[34mSELECT "schema_migrations"."version" FROM "schema_migrations" ORDER BY "schema_migrations"."version" ASC[0m
  ↳ bin/rails:9
  [1m[35m (0.2ms)[0m  [1m[34mSELECT "schema_migrations"."version" FROM "schema_migrations" ORDER BY "schema_migrations"."version" ASC[0m
  ↳ bin/rails:9
  [1m[35m (0.1ms)[0m  [1m[34mSELECT "schema_migrations"."version" FROM "schema_migrations" ORDER BY "schema_migrations"."version" ASC[0m
  ↳ bin/rails:9
  [1m[35m (0.1ms)[0m  [1m[34mSELECT "schema_migrations"."version" FROM "schema_migrations" ORDER BY "schema_migrations"."version" ASC[0m
  ↳ bin/rails:9
  [1m[35m (0.1ms)[0m  [1m[34mSELECT "schema_migrations"."version" FROM "schema_migrations" ORDER BY "schema_migrations"."version" ASC[0m
  ↳ bin/rails:9
Migrating to CreateCommentaires (20181024211756)
  [1m[35m (0.1ms)[0m  [1m[36mbegin transaction[0m
  ↳ bin/rails:9
  [1m[35m (2.2ms)[0m  [1m[35mDROP TABLE "commentaires"[0m
  ↳ bin/rails:9
  [1m[36mActiveRecord::SchemaMigration Destroy (0.3ms)[0m  [1m[31mDELETE FROM "schema_migrations" WHERE "schema_migrations"."version" = ?[0m  [["version", "20181024211756"]]
  ↳ bin/rails:9
  [1m[35m (2.1ms)[0m  [1m[36mcommit transaction[0m
  ↳ bin/rails:9
  [1m[35m (0.1ms)[0m  [1m[34mSELECT "schema_migrations"."version" FROM "schema_migrations" ORDER BY "schema_migrations"."version" ASC[0m
  ↳ bin/rails:9
  [1m[35m (0.1ms)[0m  [1m[34mSELECT "schema_migrations"."version" FROM "schema_migrations" ORDER BY "schema_migrations"."version" ASC[0m
  ↳ bin/rails:9
  [1m[35m (0.1ms)[0m  [1m[34mSELECT "schema_migrations"."version" FROM "schema_migrations" ORDER BY "schema_migrations"."version" ASC[0m
  ↳ bin/rails:9
Migrating to CreateComments (20181024212612)
  [1m[35m (0.1ms)[0m  [1m[36mbegin transaction[0m
  ↳ bin/rails:9
  [1m[35m (0.1ms)[0m  [1m[34mSELECT sqlite_version(*)[0m
  ↳ db/migrate/20181024212612_create_comments.rb:3
  [1m[35m (0.6ms)[0m  [1m[35mCREATE TABLE "comments" ("id" integer PRIMARY KEY AUTOINCREMENT NOT NULL, "content" text, "user_id" integer, "article_id" integer, "created_at" datetime NOT NULL, "updated_at" datetime NOT NULL)[0m
  ↳ db/migrate/20181024212612_create_comments.rb:3
  [1m[35m (0.2ms)[0m  [1m[35mCREATE  INDEX "index_comments_on_user_id" ON "comments" ("user_id")[0m
  ↳ db/migrate/20181024212612_create_comments.rb:3
  [1m[35m (0.1ms)[0m  [1m[35mCREATE  INDEX "index_comments_on_article_id" ON "comments" ("article_id")[0m
  ↳ db/migrate/20181024212612_create_comments.rb:3
  [1m[36mActiveRecord::SchemaMigration Create (0.2ms)[0m  [1m[32mINSERT INTO "schema_migrations" ("version") VALUES (?)[0m  [["version", "20181024212612"]]
  ↳ bin/rails:9
  [1m[35m (2.1ms)[0m  [1m[36mcommit transaction[0m
  ↳ bin/rails:9
  [1m[36mActiveRecord::InternalMetadata Load (0.2ms)[0m  [1m[34mSELECT  "ar_internal_metadata".* FROM "ar_internal_metadata" WHERE "ar_internal_metadata"."key" = ? LIMIT ?[0m  [["key", "environment"], ["LIMIT", 1]]
  ↳ bin/rails:9
  [1m[35m (0.1ms)[0m  [1m[36mbegin transaction[0m
  ↳ bin/rails:9
  [1m[35m (0.1ms)[0m  [1m[36mcommit transaction[0m
  ↳ bin/rails:9
  [1m[35m (0.2ms)[0m  [1m[34mSELECT "schema_migrations"."version" FROM "schema_migrations" ORDER BY "schema_migrations"."version" ASC[0m
  ↳ bin/rails:9
  [1m[35m (0.2ms)[0m  [1m[34mSELECT "schema_migrations"."version" FROM "schema_migrations" ORDER BY "schema_migrations"."version" ASC[0m
  ↳ bin/rails:9
  [1m[35m (0.2ms)[0m  [1m[34mSELECT "schema_migrations"."version" FROM "schema_migrations" ORDER BY "schema_migrations"."version" ASC[0m
  ↳ bin/rails:9
Migrating to CreateLikes (20181024213333)
  [1m[35m (0.1ms)[0m  [1m[36mbegin transaction[0m
  ↳ bin/rails:9
  [1m[35m (0.1ms)[0m  [1m[34mSELECT sqlite_version(*)[0m
  ↳ db/migrate/20181024213333_create_likes.rb:3
  [1m[35m (0.5ms)[0m  [1m[35mCREATE TABLE "likes" ("id" integer PRIMARY KEY AUTOINCREMENT NOT NULL, "user_id" integer, "article_id" integer, "created_at" datetime NOT NULL, "updated_at" datetime NOT NULL)[0m
  ↳ db/migrate/20181024213333_create_likes.rb:3
  [1m[35m (0.2ms)[0m  [1m[35mCREATE  INDEX "index_likes_on_user_id" ON "likes" ("user_id")[0m
  ↳ db/migrate/20181024213333_create_likes.rb:3
  [1m[35m (0.1ms)[0m  [1m[35mCREATE  INDEX "index_likes_on_article_id" ON "likes" ("article_id")[0m
  ↳ db/migrate/20181024213333_create_likes.rb:3
  [1m[36mActiveRecord::SchemaMigration Create (0.2ms)[0m  [1m[32mINSERT INTO "schema_migrations" ("version") VALUES (?)[0m  [["version", "20181024213333"]]
  ↳ bin/rails:9
  [1m[35m (2.2ms)[0m  [1m[36mcommit transaction[0m
  ↳ bin/rails:9
  [1m[36mActiveRecord::InternalMetadata Load (0.2ms)[0m  [1m[34mSELECT  "ar_internal_metadata".* FROM "ar_internal_metadata" WHERE "ar_internal_metadata"."key" = ? LIMIT ?[0m  [["key", "environment"], ["LIMIT", 1]]
  ↳ bin/rails:9
  [1m[35m (0.0ms)[0m  [1m[36mbegin transaction[0m
  ↳ bin/rails:9
  [1m[35m (0.0ms)[0m  [1m[36mcommit transaction[0m
  ↳ bin/rails:9
  [1m[35m (0.1ms)[0m  [1m[34mSELECT "schema_migrations"."version" FROM "schema_migrations" ORDER BY "schema_migrations"."version" ASC[0m
  ↳ bin/rails:9
  [1m[35m (0.2ms)[0m  [1m[34mSELECT "schema_migrations"."version" FROM "schema_migrations" ORDER BY "schema_migrations"."version" ASC[0m
  ↳ bin/rails:9
